::1 - - [18/Nov/2021:16:10:21 -0600] "GET /phpmyadmin/ HTTP/1.1" 200 3431
::1 - - [18/Nov/2021:16:10:21 -0600] "GET /phpmyadmin/phpmyadmin.css.php?nocache=4904820919ltr&server=1 HTTP/1.1" 200 20347
::1 - - [18/Nov/2021:16:10:21 -0600] "GET /phpmyadmin/js/whitelist.php?v=4.7.5 HTTP/1.1" 200 475
::1 - - [18/Nov/2021:16:10:21 -0600] "GET /phpmyadmin/js/get_scripts.js.php?scripts%5B%5D=jquery/jquery.ba-hashchange-1.3.js&scripts%5B%5D=jquery/jquery.debounce-1.0.5.js&scripts%5B%5D=menu-resizer.js&scripts%5B%5D=cross_framing_protection.js&scripts%5B%5D=rte.js&scripts%5B%5D=tracekit/tracekit.js&scripts%5B%5D=error_report.js&scripts%5B%5D=config.js&scripts%5B%5D=doclinks.js&scripts%5B%5D=functions.js&v=4.7.5 HTTP/1.1" 200 77616
::1 - - [18/Nov/2021:16:10:21 -0600] "GET /phpmyadmin/js/get_scripts.js.php?scripts%5B%5D=navigation.js&scripts%5B%5D=indexes.js&scripts%5B%5D=common.js&scripts%5B%5D=page_settings.js&scripts%5B%5D=shortcuts_handler.js&scripts%5B%5D=codemirror/lib/codemirror.js&scripts%5B%5D=codemirror/mode/sql/sql.js&scripts%5B%5D=codemirror/addon/runmode/runmode.js&scripts%5B%5D=codemirror/addon/hint/show-hint.js&scripts%5B%5D=codemirror/addon/hint/sql-hint.js&v=4.7.5 HTTP/1.1" 200 136358
::1 - - [18/Nov/2021:16:10:21 -0600] "GET /phpmyadmin/js/get_scripts.js.php?scripts%5B%5D=jquery/jquery.min.js&scripts%5B%5D=jquery/jquery-migrate-3.0.0.js&scripts%5B%5D=sprintf.js&scripts%5B%5D=ajax.js&scripts%5B%5D=keyhandler.js&scripts%5B%5D=jquery/jquery-ui.min.js&scripts%5B%5D=jquery/jquery.cookie.js&scripts%5B%5D=jquery/jquery.mousewheel.js&scripts%5B%5D=jquery/jquery.event.drag-2.2.js&scripts%5B%5D=jquery/jquery-ui-timepicker-addon.js&v=4.7.5 HTTP/1.1" 200 139207
::1 - - [18/Nov/2021:16:10:21 -0600] "GET /phpmyadmin/js/get_scripts.js.php?scripts%5B%5D=codemirror/addon/lint/lint.js&scripts%5B%5D=codemirror/addon/lint/sql-lint.js&scripts%5B%5D=console.js&v=4.7.5 HTTP/1.1" 200 13260
::1 - - [18/Nov/2021:16:10:22 -0600] "GET /phpmyadmin/js/get_image.js.php?theme=pmahomme&v=4.7.5 HTTP/1.1" 200 1852
::1 - - [18/Nov/2021:16:10:22 -0600] "GET /phpmyadmin/js/messages.php?l=es&v=4.7.5 HTTP/1.1" 200 9809
::1 - - [18/Nov/2021:16:10:26 -0600] "GET /phpmyadmin/themes/dot.gif HTTP/1.1" 304 -
::1 - - [18/Nov/2021:16:10:26 -0600] "GET /phpmyadmin/themes/dot.gif HTTP/1.1" 304 -
::1 - - [18/Nov/2021:16:10:26 -0600] "GET /phpmyadmin/themes/dot.gif HTTP/1.1" 304 -
::1 - - [18/Nov/2021:16:10:26 -0600] "GET /phpmyadmin/themes/dot.gif HTTP/1.1" 304 -
::1 - - [18/Nov/2021:16:10:26 -0600] "GET /phpmyadmin/themes/dot.gif HTTP/1.1" 304 -
::1 - - [18/Nov/2021:16:10:26 -0600] "GET /phpmyadmin/themes/dot.gif HTTP/1.1" 304 -
::1 - - [18/Nov/2021:16:10:26 -0600] "POST /phpmyadmin/index.php HTTP/1.1" 302 25
::1 - - [18/Nov/2021:16:10:26 -0600] "GET /phpmyadmin/index.php HTTP/1.1" 200 14171
::1 - - [18/Nov/2021:16:10:27 -0600] "GET /phpmyadmin/phpmyadmin.css.php?nocache=6542094345ltr&server=1 HTTP/1.1" 200 20347
::1 - - [18/Nov/2021:16:10:27 -0600] "POST /phpmyadmin/navigation.php?ajax_request=1 HTTP/1.1" 200 2124
::1 - - [18/Nov/2021:16:10:28 -0600] "POST /phpmyadmin/version_check.php HTTP/1.1" 200 64
::1 - - [18/Nov/2021:16:18:43 -0600] "GET /phpmyadmin/themes/dot.gif HTTP/1.1" 304 -
::1 - - [18/Nov/2021:16:18:43 -0600] "GET /phpmyadmin/themes/dot.gif HTTP/1.1" 304 -
::1 - - [18/Nov/2021:16:18:43 -0600] "GET /phpmyadmin/themes/dot.gif HTTP/1.1" 304 -
::1 - - [18/Nov/2021:16:18:43 -0600] "GET /phpmyadmin/themes/dot.gif HTTP/1.1" 304 -
::1 - - [18/Nov/2021:16:18:43 -0600] "GET /phpmyadmin/themes/dot.gif HTTP/1.1" 304 -
::1 - - [18/Nov/2021:16:18:43 -0600] "GET /phpmyadmin/themes/dot.gif HTTP/1.1" 304 -
::1 - - [18/Nov/2021:16:18:43 -0600] "GET /phpmyadmin/themes/dot.gif HTTP/1.1" 304 -
::1 - - [18/Nov/2021:16:18:43 -0600] "GET /phpmyadmin/themes/dot.gif HTTP/1.1" 304 -
::1 - - [18/Nov/2021:16:18:43 -0600] "GET /phpmyadmin/themes/dot.gif HTTP/1.1" 304 -
::1 - - [18/Nov/2021:16:18:43 -0600] "GET /phpmyadmin/themes/dot.gif HTTP/1.1" 304 -
::1 - - [18/Nov/2021:16:18:43 -0600] "GET /phpmyadmin/themes/dot.gif HTTP/1.1" 304 -
::1 - - [18/Nov/2021:16:18:43 -0600] "GET /phpmyadmin/themes/dot.gif HTTP/1.1" 304 -
::1 - - [18/Nov/2021:16:18:43 -0600] "GET /phpmyadmin/themes/dot.gif HTTP/1.1" 304 -
::1 - - [18/Nov/2021:16:18:43 -0600] "GET /phpmyadmin/themes/dot.gif HTTP/1.1" 304 -
::1 - - [18/Nov/2021:16:18:43 -0600] "GET /phpmyadmin/themes/dot.gif HTTP/1.1" 304 -
::1 - - [18/Nov/2021:16:18:43 -0600] "GET /phpmyadmin/themes/dot.gif HTTP/1.1" 304 -
::1 - - [18/Nov/2021:16:18:43 -0600] "GET /phpmyadmin/themes/dot.gif HTTP/1.1" 304 -
::1 - - [18/Nov/2021:16:18:43 -0600] "GET /phpmyadmin/index.php HTTP/1.1" 200 14171
::1 - - [18/Nov/2021:16:18:44 -0600] "POST /phpmyadmin/navigation.php?ajax_request=1 HTTP/1.1" 200 2124
::1 - - [18/Nov/2021:16:18:44 -0600] "POST /phpmyadmin/version_check.php HTTP/1.1" 200 64
::1 - - [18/Nov/2021:16:18:44 -0600] "GET /phpmyadmin/favicon.ico HTTP/1.1" 200 22486
::1 - - [18/Nov/2021:16:18:46 -0600] "GET /phpmyadmin/db_structure.php?server=1&db=ejemplo1&ajax_request=true&ajax_page_request=true&_nocache=163727392658840113 HTTP/1.1" 200 5130
::1 - - [18/Nov/2021:16:18:46 -0600] "GET /phpmyadmin/navigation.php?ajax_request=1&aPath=cm9vdA%3D%3D.ZWplbXBsbzE%3D&vPath=cm9vdA%3D%3D.ZWplbXBsbzE%3D&pos=0&pos2_name=&pos2_value=&searchClause=&searchClause2=&_nocache=1637273926874112791 HTTP/1.1" 200 1831
::1 - - [18/Nov/2021:16:18:46 -0600] "GET /phpmyadmin/js/get_scripts.js.php?scripts%5B%5D=db_structure.js&scripts%5B%5D=tbl_change.js&call_done=1&v=4.7.5&call_done=1&v=4.7.5 HTTP/1.1" 200 10940
::1 - - [18/Nov/2021:16:18:54 -0600] "GET /phpmyadmin/sql.php?db=ejemplo1&goto=db_structure.php&table=authors&pos=0&ajax_request=true&ajax_page_request=true&_nocache=1637273934136470098 HTTP/1.1" 200 4910
::1 - - [18/Nov/2021:16:18:54 -0600] "GET /phpmyadmin/js/get_scripts.js.php?scripts%5B%5D=jquery/jquery.uitablefilter.js&scripts%5B%5D=gis_data_editor.js&scripts%5B%5D=multi_column_sort.js&call_done=1&v=4.7.5&call_done=1&v=4.7.5 HTTP/1.1" 200 5864
::1 - - [18/Nov/2021:16:18:54 -0600] "GET /phpmyadmin/index.php?ajax_request=1&recent_table=1&no_debug=true&_nocache=1637273934863547035 HTTP/1.1" 200 1458
::1 - - [18/Nov/2021:16:18:58 -0600] "GET /phpmyadmin/db_structure.php?server=1&db=recetas&ajax_request=true&ajax_page_request=true&_nocache=1637273938653782047 HTTP/1.1" 200 5124
::1 - - [18/Nov/2021:16:18:59 -0600] "GET /phpmyadmin/navigation.php?ajax_request=1&aPath=cm9vdA%3D%3D.cmVjZXRhcw%3D%3D&vPath=cm9vdA%3D%3D.cmVjZXRhcw%3D%3D&pos=0&pos2_name=&pos2_value=&searchClause=&searchClause2=&_nocache=1637273938993743414 HTTP/1.1" 200 1824
::1 - - [18/Nov/2021:16:19:00 -0600] "GET /phpmyadmin/sql.php?db=recetas&goto=db_structure.php&table=recipes&pos=0&ajax_request=true&ajax_page_request=true&_nocache=1637273940623134432 HTTP/1.1" 200 7196
::1 - - [18/Nov/2021:16:19:01 -0600] "GET /phpmyadmin/js/get_scripts.js.php?scripts%5B%5D=makegrid.js&scripts%5B%5D=sql.js&call_done=1&v=4.7.5&call_done=1&v=4.7.5 HTTP/1.1" 200 27044
::1 - - [18/Nov/2021:16:19:01 -0600] "GET /phpmyadmin/index.php?ajax_request=1&recent_table=1&no_debug=true&_nocache=1637273941285292349 HTTP/1.1" 200 1477
::1 - - [18/Nov/2021:16:19:03 -0600] "GET /phpmyadmin/themes/pmahomme/jquery/images/ui-bg_glass_75_e6e6e6_1x400.png HTTP/1.1" 200 121
::1 - - [18/Nov/2021:16:19:03 -0600] "GET /phpmyadmin/themes/pmahomme/jquery/images/ui-icons_888888_256x240.png HTTP/1.1" 200 4262
::1 - - [18/Nov/2021:16:19:03 -0600] "GET /phpmyadmin/themes/pmahomme/jquery/images/ui-bg_highlight-soft_75_cccccc_1x100.png HTTP/1.1" 200 123
::1 - - [18/Nov/2021:16:19:03 -0600] "GET /phpmyadmin/themes/pmahomme/jquery/images/ui-icons_222222_256x240.png HTTP/1.1" 200 4262
::1 - - [18/Nov/2021:16:19:04 -0600] "GET /phpmyadmin/themes/pmahomme/jquery/images/ui-bg_glass_75_dadada_1x400.png HTTP/1.1" 200 127
::1 - - [18/Nov/2021:16:19:05 -0600] "GET /phpmyadmin/themes/pmahomme/jquery/images/ui-bg_glass_65_ffffff_1x400.png HTTP/1.1" 200 74
::1 - - [18/Nov/2021:16:19:05 -0600] "POST /phpmyadmin/sql.php?db=recetas&table=recipes&sql_query=DELETE+FROM+%60recipes%60+WHERE+%60recipes%60.%60RecId%60+%3D+3&message_to_show=La+fila+se+ha+borrado.&goto=sql.php%3Fdb%3Drecetas%26table%3Drecipes%26sql_query%3DSELECT%2B%252A%2BFROM%2B%2560recipes%2560%26message_to_show%3DLa%2Bfila%2Bse%2Bha%2Bborrado.%26goto%3Dtbl_sql.php HTTP/1.1" 200 1912
::1 - - [18/Nov/2021:16:35:29 -0600] "GET /phpmyadmin/themes/dot.gif HTTP/1.1" 304 -
::1 - - [18/Nov/2021:16:35:29 -0600] "GET /phpmyadmin/themes/dot.gif HTTP/1.1" 304 -
::1 - - [18/Nov/2021:16:35:29 -0600] "GET /phpmyadmin/themes/dot.gif HTTP/1.1" 304 -
::1 - - [18/Nov/2021:16:35:29 -0600] "GET /phpmyadmin/themes/dot.gif HTTP/1.1" 304 -
::1 - - [18/Nov/2021:16:35:29 -0600] "GET /phpmyadmin/themes/dot.gif HTTP/1.1" 304 -
::1 - - [18/Nov/2021:16:35:29 -0600] "GET /phpmyadmin/themes/dot.gif HTTP/1.1" 304 -
::1 - - [18/Nov/2021:16:35:29 -0600] "GET /phpmyadmin/themes/dot.gif HTTP/1.1" 304 -
::1 - - [18/Nov/2021:16:35:29 -0600] "GET /phpmyadmin/themes/dot.gif HTTP/1.1" 304 -
::1 - - [18/Nov/2021:16:35:29 -0600] "GET /phpmyadmin/themes/dot.gif HTTP/1.1" 304 -
::1 - - [18/Nov/2021:16:35:29 -0600] "GET /phpmyadmin/themes/dot.gif HTTP/1.1" 304 -
::1 - - [18/Nov/2021:16:35:29 -0600] "GET /phpmyadmin/themes/dot.gif HTTP/1.1" 304 -
::1 - - [18/Nov/2021:16:35:29 -0600] "GET /phpmyadmin/themes/dot.gif HTTP/1.1" 304 -
::1 - - [18/Nov/2021:16:35:29 -0600] "GET /phpmyadmin/themes/dot.gif HTTP/1.1" 304 -
::1 - - [18/Nov/2021:16:35:29 -0600] "GET /phpmyadmin/themes/pmahomme/img/arrow_ltr.png HTTP/1.1" 304 -
::1 - - [18/Nov/2021:16:35:29 -0600] "GET /phpmyadmin/themes/dot.gif HTTP/1.1" 304 -
::1 - - [18/Nov/2021:16:35:29 -0600] "GET /phpmyadmin/themes/dot.gif HTTP/1.1" 304 -
::1 - - [18/Nov/2021:16:35:29 -0600] "GET /phpmyadmin/themes/dot.gif HTTP/1.1" 304 -
::1 - - [18/Nov/2021:16:35:29 -0600] "GET /phpmyadmin/themes/dot.gif HTTP/1.1" 304 -
::1 - - [18/Nov/2021:16:35:29 -0600] "GET /phpmyadmin/themes/dot.gif HTTP/1.1" 304 -
::1 - - [18/Nov/2021:16:35:29 -0600] "GET /phpmyadmin/themes/dot.gif HTTP/1.1" 304 -
::1 - - [18/Nov/2021:16:35:29 -0600] "GET /phpmyadmin/themes/dot.gif HTTP/1.1" 304 -
::1 - - [18/Nov/2021:16:35:29 -0600] "GET /phpmyadmin/themes/dot.gif HTTP/1.1" 304 -
::1 - - [18/Nov/2021:16:35:29 -0600] "GET /phpmyadmin/themes/dot.gif HTTP/1.1" 304 -
::1 - - [18/Nov/2021:16:35:29 -0600] "GET /phpmyadmin/themes/dot.gif HTTP/1.1" 304 -
::1 - - [18/Nov/2021:16:35:29 -0600] "GET /phpmyadmin/themes/dot.gif HTTP/1.1" 304 -
::1 - - [18/Nov/2021:16:35:29 -0600] "GET /phpmyadmin/themes/dot.gif HTTP/1.1" 304 -
::1 - - [18/Nov/2021:16:35:29 -0600] "GET /phpmyadmin/themes/dot.gif HTTP/1.1" 304 -
::1 - - [18/Nov/2021:16:35:29 -0600] "GET /phpmyadmin/themes/dot.gif HTTP/1.1" 304 -
::1 - - [18/Nov/2021:16:35:29 -0600] "GET /phpmyadmin/themes/dot.gif HTTP/1.1" 304 -
::1 - - [18/Nov/2021:16:35:29 -0600] "GET /phpmyadmin/themes/dot.gif HTTP/1.1" 304 -
::1 - - [18/Nov/2021:16:35:29 -0600] "GET /phpmyadmin/themes/dot.gif HTTP/1.1" 304 -
::1 - - [18/Nov/2021:16:35:29 -0600] "GET /phpmyadmin/themes/dot.gif HTTP/1.1" 304 -
::1 - - [18/Nov/2021:16:35:29 -0600] "GET /phpmyadmin/themes/dot.gif HTTP/1.1" 304 -
::1 - - [18/Nov/2021:16:35:29 -0600] "GET /phpmyadmin/themes/dot.gif HTTP/1.1" 304 -
::1 - - [18/Nov/2021:16:35:29 -0600] "GET /phpmyadmin/themes/pmahomme/img/arrow_ltr.png HTTP/1.1" 304 -
::1 - - [18/Nov/2021:16:35:29 -0600] "GET /phpmyadmin/themes/dot.gif HTTP/1.1" 304 -
::1 - - [18/Nov/2021:16:35:29 -0600] "GET /phpmyadmin/themes/dot.gif HTTP/1.1" 304 -
::1 - - [18/Nov/2021:16:35:29 -0600] "GET /phpmyadmin/themes/dot.gif HTTP/1.1" 304 -
::1 - - [18/Nov/2021:16:35:29 -0600] "GET /phpmyadmin/themes/dot.gif HTTP/1.1" 304 -
::1 - - [18/Nov/2021:16:35:29 -0600] "GET /phpmyadmin/themes/dot.gif HTTP/1.1" 304 -
::1 - - [18/Nov/2021:16:35:29 -0600] "GET /phpmyadmin/themes/dot.gif HTTP/1.1" 304 -
::1 - - [18/Nov/2021:16:35:29 -0600] "GET /phpmyadmin/themes/dot.gif HTTP/1.1" 304 -
::1 - - [18/Nov/2021:16:35:29 -0600] "GET /phpmyadmin/themes/dot.gif HTTP/1.1" 304 -
::1 - - [18/Nov/2021:16:35:29 -0600] "GET /phpmyadmin/themes/dot.gif HTTP/1.1" 304 -
::1 - - [18/Nov/2021:16:35:29 -0600] "GET /phpmyadmin/themes/dot.gif HTTP/1.1" 304 -
::1 - - [18/Nov/2021:16:35:29 -0600] "GET /phpmyadmin/themes/dot.gif HTTP/1.1" 304 -
::1 - - [18/Nov/2021:16:35:29 -0600] "GET /phpmyadmin/themes/dot.gif HTTP/1.1" 304 -
::1 - - [18/Nov/2021:16:35:29 -0600] "GET /phpmyadmin/themes/dot.gif HTTP/1.1" 304 -
::1 - - [18/Nov/2021:16:35:29 -0600] "GET /phpmyadmin/themes/dot.gif HTTP/1.1" 304 -
::1 - - [18/Nov/2021:16:35:29 -0600] "GET /phpmyadmin/themes/dot.gif HTTP/1.1" 304 -
::1 - - [18/Nov/2021:16:35:29 -0600] "GET /phpmyadmin/themes/dot.gif HTTP/1.1" 304 -
::1 - - [18/Nov/2021:16:35:29 -0600] "GET /phpmyadmin/themes/dot.gif HTTP/1.1" 304 -
::1 - - [18/Nov/2021:16:35:29 -0600] "GET /phpmyadmin/themes/dot.gif HTTP/1.1" 304 -
::1 - - [18/Nov/2021:16:35:29 -0600] "GET /phpmyadmin/themes/dot.gif HTTP/1.1" 304 -
::1 - - [18/Nov/2021:16:35:29 -0600] "GET /phpmyadmin/themes/dot.gif HTTP/1.1" 304 -
::1 - - [18/Nov/2021:16:35:29 -0600] "GET /phpmyadmin/themes/dot.gif HTTP/1.1" 304 -
::1 - - [18/Nov/2021:16:35:29 -0600] "GET /phpmyadmin/themes/dot.gif HTTP/1.1" 304 -
::1 - - [18/Nov/2021:16:35:29 -0600] "GET /phpmyadmin/themes/dot.gif HTTP/1.1" 304 -
::1 - - [18/Nov/2021:16:35:29 -0600] "GET /phpmyadmin/themes/dot.gif HTTP/1.1" 304 -
::1 - - [18/Nov/2021:16:35:29 -0600] "GET /phpmyadmin/themes/pmahomme/img/arrow_ltr.png HTTP/1.1" 304 -
::1 - - [18/Nov/2021:16:35:29 -0600] "GET /phpmyadmin/themes/dot.gif HTTP/1.1" 304 -
::1 - - [18/Nov/2021:16:35:29 -0600] "GET /phpmyadmin/themes/dot.gif HTTP/1.1" 304 -
::1 - - [18/Nov/2021:16:35:29 -0600] "GET /phpmyadmin/themes/dot.gif HTTP/1.1" 304 -
::1 - - [18/Nov/2021:16:35:29 -0600] "GET /phpmyadmin/themes/dot.gif HTTP/1.1" 304 -
::1 - - [18/Nov/2021:16:35:29 -0600] "GET /phpmyadmin/themes/dot.gif HTTP/1.1" 304 -
::1 - - [18/Nov/2021:16:35:29 -0600] "GET /phpmyadmin/themes/dot.gif HTTP/1.1" 304 -
::1 - - [18/Nov/2021:16:35:29 -0600] "GET /phpmyadmin/themes/dot.gif HTTP/1.1" 304 -
::1 - - [18/Nov/2021:16:35:29 -0600] "GET /phpmyadmin/themes/dot.gif HTTP/1.1" 304 -
::1 - - [18/Nov/2021:16:35:29 -0600] "GET /phpmyadmin/themes/dot.gif HTTP/1.1" 304 -
::1 - - [18/Nov/2021:16:35:29 -0600] "GET /phpmyadmin/themes/dot.gif HTTP/1.1" 304 -
::1 - - [18/Nov/2021:16:35:29 -0600] "GET /phpmyadmin/themes/dot.gif HTTP/1.1" 304 -
::1 - - [18/Nov/2021:16:35:29 -0600] "GET /phpmyadmin/themes/dot.gif HTTP/1.1" 304 -
::1 - - [18/Nov/2021:16:35:29 -0600] "GET /phpmyadmin/themes/dot.gif HTTP/1.1" 304 -
::1 - - [18/Nov/2021:16:35:29 -0600] "GET /phpmyadmin/themes/dot.gif HTTP/1.1" 304 -
::1 - - [18/Nov/2021:16:35:29 -0600] "GET /phpmyadmin/themes/dot.gif HTTP/1.1" 304 -
::1 - - [18/Nov/2021:16:35:29 -0600] "GET /phpmyadmin/themes/dot.gif HTTP/1.1" 304 -
::1 - - [18/Nov/2021:16:35:29 -0600] "GET /phpmyadmin/themes/dot.gif HTTP/1.1" 304 -
::1 - - [18/Nov/2021:16:35:29 -0600] "GET /phpmyadmin/themes/pmahomme/img/arrow_ltr.png HTTP/1.1" 304 -
::1 - - [18/Nov/2021:16:35:29 -0600] "GET /phpmyadmin/sql.php?db=recetas&goto=db_structure.php&table=recipes&pos=0 HTTP/1.1" 200 13535
::1 - - [18/Nov/2021:16:35:29 -0600] "GET /phpmyadmin/themes/dot.gif HTTP/1.1" 304 -
::1 - - [18/Nov/2021:16:35:29 -0600] "GET /phpmyadmin/themes/dot.gif HTTP/1.1" 304 -
::1 - - [18/Nov/2021:16:35:29 -0600] "GET /phpmyadmin/themes/dot.gif HTTP/1.1" 304 -
::1 - - [18/Nov/2021:16:35:29 -0600] "GET /phpmyadmin/themes/dot.gif HTTP/1.1" 304 -
::1 - - [18/Nov/2021:16:35:29 -0600] "GET /phpmyadmin/themes/dot.gif HTTP/1.1" 304 -
::1 - - [18/Nov/2021:16:35:29 -0600] "GET /phpmyadmin/themes/dot.gif HTTP/1.1" 304 -
::1 - - [18/Nov/2021:16:35:29 -0600] "GET /phpmyadmin/js/get_scripts.js.php?scripts%5B%5D=sql.js&scripts%5B%5D=codemirror/lib/codemirror.js&scripts%5B%5D=codemirror/mode/sql/sql.js&scripts%5B%5D=codemirror/addon/runmode/runmode.js&scripts%5B%5D=codemirror/addon/hint/show-hint.js&scripts%5B%5D=codemirror/addon/hint/sql-hint.js&scripts%5B%5D=codemirror/addon/lint/lint.js&scripts%5B%5D=codemirror/addon/lint/sql-lint.js&scripts%5B%5D=console.js&v=4.7.5 HTTP/1.1" 200 135564
::1 - - [18/Nov/2021:16:35:29 -0600] "GET /phpmyadmin/js/get_scripts.js.php?scripts%5B%5D=navigation.js&scripts%5B%5D=indexes.js&scripts%5B%5D=common.js&scripts%5B%5D=page_settings.js&scripts%5B%5D=shortcuts_handler.js&scripts%5B%5D=jquery/jquery.uitablefilter.js&scripts%5B%5D=tbl_change.js&scripts%5B%5D=gis_data_editor.js&scripts%5B%5D=multi_column_sort.js&scripts%5B%5D=makegrid.js&v=4.7.5 HTTP/1.1" 200 52367
::1 - - [18/Nov/2021:16:35:30 -0600] "POST /phpmyadmin/navigation.php?ajax_request=1 HTTP/1.1" 200 2545
::1 - - [18/Nov/2021:16:35:30 -0600] "GET /phpmyadmin/index.php?ajax_request=1&recent_table=1&no_debug=true&_nocache=1637274930623791150 HTTP/1.1" 200 1477
::1 - - [18/Nov/2021:16:35:30 -0600] "GET /phpmyadmin/favicon.ico HTTP/1.1" 200 22486
::1 - - [18/Nov/2021:16:35:32 -0600] "GET /phpmyadmin/sql.php?db=recetas&table=recipes&sql_query=DELETE+FROM+%60recipes%60+WHERE+%60recipes%60.%60RecId%60+%3D+4&message_to_show=La+fila+se+ha+borrado.&goto=sql.php%3Fdb%3Drecetas%26table%3Drecipes%26sql_query%3DSELECT%2B%252A%2BFROM%2B%2560recipes%2560%26message_to_show%3DLa%2Bfila%2Bse%2Bha%2Bborrado.%26goto%3Dtbl_sql.php&ajax_request=true&ajax_page_request=true&_nocache=1637274932393380503 HTTP/1.1" 200 4458
::1 - - [18/Nov/2021:16:35:32 -0600] "GET /phpmyadmin/index.php?ajax_request=1&recent_table=1&no_debug=true&_nocache=163727493274611379 HTTP/1.1" 200 1477
::1 - - [18/Nov/2021:16:35:36 -0600] "GET /phpmyadmin/themes/dot.gif HTTP/1.1" 304 -
::1 - - [18/Nov/2021:16:35:36 -0600] "GET /phpmyadmin/themes/dot.gif HTTP/1.1" 304 -
::1 - - [18/Nov/2021:16:35:36 -0600] "GET /phpmyadmin/themes/dot.gif HTTP/1.1" 304 -
::1 - - [18/Nov/2021:16:35:36 -0600] "GET /phpmyadmin/themes/dot.gif HTTP/1.1" 304 -
::1 - - [18/Nov/2021:16:35:36 -0600] "GET /phpmyadmin/themes/dot.gif HTTP/1.1" 304 -
::1 - - [18/Nov/2021:16:35:36 -0600] "GET /phpmyadmin/themes/dot.gif HTTP/1.1" 304 -
::1 - - [18/Nov/2021:16:35:36 -0600] "GET /phpmyadmin/themes/dot.gif HTTP/1.1" 304 -
::1 - - [18/Nov/2021:16:35:36 -0600] "GET /phpmyadmin/themes/dot.gif HTTP/1.1" 304 -
::1 - - [18/Nov/2021:16:35:36 -0600] "GET /phpmyadmin/themes/dot.gif HTTP/1.1" 304 -
::1 - - [18/Nov/2021:16:35:36 -0600] "GET /phpmyadmin/themes/dot.gif HTTP/1.1" 304 -
::1 - - [18/Nov/2021:16:35:36 -0600] "GET /phpmyadmin/themes/dot.gif HTTP/1.1" 304 -
::1 - - [18/Nov/2021:16:35:37 -0600] "GET /phpmyadmin/themes/dot.gif HTTP/1.1" 304 -
::1 - - [18/Nov/2021:16:35:37 -0600] "GET /phpmyadmin/themes/dot.gif HTTP/1.1" 304 -
::1 - - [18/Nov/2021:16:35:37 -0600] "GET /phpmyadmin/themes/dot.gif HTTP/1.1" 304 -
::1 - - [18/Nov/2021:16:35:37 -0600] "GET /phpmyadmin/themes/dot.gif HTTP/1.1" 304 -
::1 - - [18/Nov/2021:16:35:37 -0600] "GET /phpmyadmin/themes/dot.gif HTTP/1.1" 304 -
::1 - - [18/Nov/2021:16:35:37 -0600] "GET /phpmyadmin/themes/dot.gif HTTP/1.1" 304 -
::1 - - [18/Nov/2021:16:35:37 -0600] "GET /phpmyadmin/themes/dot.gif HTTP/1.1" 304 -
::1 - - [18/Nov/2021:16:35:37 -0600] "GET /phpmyadmin/themes/dot.gif HTTP/1.1" 304 -
::1 - - [18/Nov/2021:16:35:37 -0600] "GET /phpmyadmin/themes/dot.gif HTTP/1.1" 304 -
::1 - - [18/Nov/2021:16:35:37 -0600] "GET /phpmyadmin/themes/dot.gif HTTP/1.1" 304 -
::1 - - [18/Nov/2021:16:35:37 -0600] "GET /phpmyadmin/themes/dot.gif HTTP/1.1" 304 -
::1 - - [18/Nov/2021:16:35:37 -0600] "GET /phpmyadmin/themes/dot.gif HTTP/1.1" 304 -
::1 - - [18/Nov/2021:16:35:37 -0600] "GET /phpmyadmin/themes/dot.gif HTTP/1.1" 304 -
::1 - - [18/Nov/2021:16:35:37 -0600] "GET /phpmyadmin/themes/dot.gif HTTP/1.1" 304 -
::1 - - [18/Nov/2021:16:35:37 -0600] "GET /phpmyadmin/themes/dot.gif HTTP/1.1" 304 -
::1 - - [18/Nov/2021:16:35:37 -0600] "GET /phpmyadmin/themes/dot.gif HTTP/1.1" 304 -
::1 - - [18/Nov/2021:16:35:37 -0600] "GET /phpmyadmin/themes/dot.gif HTTP/1.1" 304 -
::1 - - [18/Nov/2021:16:35:37 -0600] "GET /phpmyadmin/themes/dot.gif HTTP/1.1" 304 -
::1 - - [18/Nov/2021:16:35:37 -0600] "GET /phpmyadmin/themes/dot.gif HTTP/1.1" 304 -
::1 - - [18/Nov/2021:16:35:37 -0600] "GET /phpmyadmin/themes/dot.gif HTTP/1.1" 304 -
::1 - - [18/Nov/2021:16:35:37 -0600] "GET /phpmyadmin/themes/dot.gif HTTP/1.1" 304 -
::1 - - [18/Nov/2021:16:35:37 -0600] "GET /phpmyadmin/themes/dot.gif HTTP/1.1" 304 -
::1 - - [18/Nov/2021:16:35:37 -0600] "GET /phpmyadmin/themes/dot.gif HTTP/1.1" 304 -
::1 - - [18/Nov/2021:16:35:37 -0600] "GET /phpmyadmin/themes/dot.gif HTTP/1.1" 304 -
::1 - - [18/Nov/2021:16:35:37 -0600] "GET /phpmyadmin/themes/dot.gif HTTP/1.1" 304 -
::1 - - [18/Nov/2021:16:35:37 -0600] "GET /phpmyadmin/themes/dot.gif HTTP/1.1" 304 -
::1 - - [18/Nov/2021:16:35:37 -0600] "GET /phpmyadmin/themes/dot.gif HTTP/1.1" 304 -
::1 - - [18/Nov/2021:16:35:37 -0600] "GET /phpmyadmin/themes/dot.gif HTTP/1.1" 304 -
::1 - - [18/Nov/2021:16:35:37 -0600] "GET /phpmyadmin/themes/dot.gif HTTP/1.1" 304 -
::1 - - [18/Nov/2021:16:35:37 -0600] "GET /phpmyadmin/themes/dot.gif HTTP/1.1" 304 -
::1 - - [18/Nov/2021:16:35:37 -0600] "GET /phpmyadmin/themes/dot.gif HTTP/1.1" 304 -
::1 - - [18/Nov/2021:16:35:37 -0600] "GET /phpmyadmin/themes/dot.gif HTTP/1.1" 304 -
::1 - - [18/Nov/2021:16:35:37 -0600] "GET /phpmyadmin/themes/dot.gif HTTP/1.1" 304 -
::1 - - [18/Nov/2021:16:35:37 -0600] "GET /phpmyadmin/themes/dot.gif HTTP/1.1" 304 -
::1 - - [18/Nov/2021:16:35:37 -0600] "GET /phpmyadmin/themes/dot.gif HTTP/1.1" 304 -
::1 - - [18/Nov/2021:16:35:37 -0600] "GET /phpmyadmin/themes/dot.gif HTTP/1.1" 304 -
::1 - - [18/Nov/2021:16:35:37 -0600] "GET /phpmyadmin/themes/dot.gif HTTP/1.1" 304 -
::1 - - [18/Nov/2021:16:35:37 -0600] "GET /phpmyadmin/themes/dot.gif HTTP/1.1" 304 -
::1 - - [18/Nov/2021:16:35:37 -0600] "GET /phpmyadmin/themes/dot.gif HTTP/1.1" 304 -
::1 - - [18/Nov/2021:16:35:37 -0600] "GET /phpmyadmin/themes/dot.gif HTTP/1.1" 304 -
::1 - - [18/Nov/2021:16:35:37 -0600] "GET /phpmyadmin/themes/dot.gif HTTP/1.1" 304 -
::1 - - [18/Nov/2021:16:35:37 -0600] "GET /phpmyadmin/themes/dot.gif HTTP/1.1" 304 -
::1 - - [18/Nov/2021:16:35:37 -0600] "GET /phpmyadmin/themes/dot.gif HTTP/1.1" 304 -
::1 - - [18/Nov/2021:16:35:37 -0600] "GET /phpmyadmin/themes/dot.gif HTTP/1.1" 304 -
::1 - - [18/Nov/2021:16:35:37 -0600] "GET /phpmyadmin/themes/dot.gif HTTP/1.1" 304 -
::1 - - [18/Nov/2021:16:35:37 -0600] "GET /phpmyadmin/themes/dot.gif HTTP/1.1" 304 -
::1 - - [18/Nov/2021:16:35:37 -0600] "GET /phpmyadmin/themes/dot.gif HTTP/1.1" 304 -
::1 - - [18/Nov/2021:16:35:37 -0600] "GET /phpmyadmin/themes/dot.gif HTTP/1.1" 304 -
::1 - - [18/Nov/2021:16:35:37 -0600] "GET /phpmyadmin/themes/dot.gif HTTP/1.1" 304 -
::1 - - [18/Nov/2021:16:35:37 -0600] "GET /phpmyadmin/themes/dot.gif HTTP/1.1" 304 -
::1 - - [18/Nov/2021:16:35:37 -0600] "GET /phpmyadmin/themes/dot.gif HTTP/1.1" 304 -
::1 - - [18/Nov/2021:16:35:37 -0600] "GET /phpmyadmin/themes/dot.gif HTTP/1.1" 304 -
::1 - - [18/Nov/2021:16:35:37 -0600] "GET /phpmyadmin/themes/dot.gif HTTP/1.1" 304 -
::1 - - [18/Nov/2021:16:35:37 -0600] "GET /phpmyadmin/themes/dot.gif HTTP/1.1" 304 -
::1 - - [18/Nov/2021:16:35:37 -0600] "GET /phpmyadmin/themes/dot.gif HTTP/1.1" 304 -
::1 - - [18/Nov/2021:16:35:37 -0600] "GET /phpmyadmin/themes/dot.gif HTTP/1.1" 304 -
::1 - - [18/Nov/2021:16:35:37 -0600] "GET /phpmyadmin/themes/dot.gif HTTP/1.1" 304 -
::1 - - [18/Nov/2021:16:35:37 -0600] "GET /phpmyadmin/themes/dot.gif HTTP/1.1" 304 -
::1 - - [18/Nov/2021:16:35:37 -0600] "GET /phpmyadmin/themes/dot.gif HTTP/1.1" 304 -
::1 - - [18/Nov/2021:16:35:37 -0600] "GET /phpmyadmin/themes/dot.gif HTTP/1.1" 304 -
::1 - - [18/Nov/2021:16:35:37 -0600] "GET /phpmyadmin/themes/dot.gif HTTP/1.1" 304 -
::1 - - [18/Nov/2021:16:35:37 -0600] "GET /phpmyadmin/themes/dot.gif HTTP/1.1" 304 -
::1 - - [18/Nov/2021:16:35:37 -0600] "GET /phpmyadmin/themes/dot.gif HTTP/1.1" 304 -
::1 - - [18/Nov/2021:16:35:37 -0600] "GET /phpmyadmin/themes/dot.gif HTTP/1.1" 304 -
::1 - - [18/Nov/2021:16:35:37 -0600] "GET /phpmyadmin/themes/dot.gif HTTP/1.1" 304 -
::1 - - [18/Nov/2021:16:35:37 -0600] "GET /phpmyadmin/themes/dot.gif HTTP/1.1" 304 -
::1 - - [18/Nov/2021:16:35:37 -0600] "GET /phpmyadmin/themes/dot.gif HTTP/1.1" 304 -
::1 - - [18/Nov/2021:16:35:37 -0600] "GET /phpmyadmin/themes/dot.gif HTTP/1.1" 304 -
::1 - - [18/Nov/2021:16:35:37 -0600] "GET /phpmyadmin/themes/dot.gif HTTP/1.1" 304 -
::1 - - [18/Nov/2021:16:35:37 -0600] "GET /phpmyadmin/themes/dot.gif HTTP/1.1" 304 -
::1 - - [18/Nov/2021:16:35:37 -0600] "GET /phpmyadmin/themes/dot.gif HTTP/1.1" 304 -
::1 - - [18/Nov/2021:16:35:37 -0600] "GET /phpmyadmin/themes/dot.gif HTTP/1.1" 304 -
::1 - - [18/Nov/2021:16:35:37 -0600] "GET /phpmyadmin/themes/dot.gif HTTP/1.1" 304 -
::1 - - [18/Nov/2021:16:35:37 -0600] "GET /phpmyadmin/themes/dot.gif HTTP/1.1" 304 -
::1 - - [18/Nov/2021:16:35:37 -0600] "GET /phpmyadmin/sql.php?db=recetas&table=recipes&sql_query=DELETE+FROM+%60recipes%60+WHERE+%60recipes%60.%60RecId%60+%3D+4&message_to_show=La+fila+se+ha+borrado.&goto=sql.php%3Fdb%3Drecetas%26table%3Drecipes%26sql_query%3DSELECT%2B%252A%2BFROM%2B%2560recipes%2560%26message_to_show%3DLa%2Bfila%2Bse%2Bha%2Bborrado.%26goto%3Dtbl_sql.php HTTP/1.1" 200 10265
::1 - - [18/Nov/2021:16:35:37 -0600] "GET /phpmyadmin/themes/dot.gif HTTP/1.1" 304 -
::1 - - [18/Nov/2021:16:35:37 -0600] "GET /phpmyadmin/themes/dot.gif HTTP/1.1" 304 -
::1 - - [18/Nov/2021:16:35:37 -0600] "GET /phpmyadmin/themes/dot.gif HTTP/1.1" 304 -
::1 - - [18/Nov/2021:16:35:37 -0600] "GET /phpmyadmin/themes/dot.gif HTTP/1.1" 304 -
::1 - - [18/Nov/2021:16:35:37 -0600] "GET /phpmyadmin/themes/dot.gif HTTP/1.1" 304 -
::1 - - [18/Nov/2021:16:35:37 -0600] "GET /phpmyadmin/themes/dot.gif HTTP/1.1" 304 -
::1 - - [18/Nov/2021:16:35:37 -0600] "GET /phpmyadmin/themes/dot.gif HTTP/1.1" 304 -
::1 - - [18/Nov/2021:16:35:37 -0600] "GET /phpmyadmin/themes/dot.gif HTTP/1.1" 304 -
::1 - - [18/Nov/2021:16:35:37 -0600] "GET /phpmyadmin/themes/dot.gif HTTP/1.1" 304 -
::1 - - [18/Nov/2021:16:35:37 -0600] "GET /phpmyadmin/themes/dot.gif HTTP/1.1" 304 -
::1 - - [18/Nov/2021:16:35:37 -0600] "GET /phpmyadmin/themes/dot.gif HTTP/1.1" 304 -
::1 - - [18/Nov/2021:16:35:37 -0600] "GET /phpmyadmin/themes/dot.gif HTTP/1.1" 304 -
::1 - - [18/Nov/2021:16:35:37 -0600] "GET /phpmyadmin/themes/dot.gif HTTP/1.1" 304 -
::1 - - [18/Nov/2021:16:35:37 -0600] "GET /phpmyadmin/themes/dot.gif HTTP/1.1" 304 -
::1 - - [18/Nov/2021:16:35:37 -0600] "GET /phpmyadmin/themes/dot.gif HTTP/1.1" 304 -
::1 - - [18/Nov/2021:16:35:37 -0600] "GET /phpmyadmin/themes/dot.gif HTTP/1.1" 304 -
::1 - - [18/Nov/2021:16:35:37 -0600] "GET /phpmyadmin/themes/dot.gif HTTP/1.1" 304 -
::1 - - [18/Nov/2021:16:35:37 -0600] "GET /phpmyadmin/themes/dot.gif HTTP/1.1" 304 -
::1 - - [18/Nov/2021:16:35:37 -0600] "GET /phpmyadmin/themes/dot.gif HTTP/1.1" 304 -
::1 - - [18/Nov/2021:16:35:37 -0600] "GET /phpmyadmin/themes/dot.gif HTTP/1.1" 304 -
::1 - - [18/Nov/2021:16:35:37 -0600] "GET /phpmyadmin/themes/dot.gif HTTP/1.1" 304 -
::1 - - [18/Nov/2021:16:35:37 -0600] "GET /phpmyadmin/js/get_scripts.js.php?scripts%5B%5D=navigation.js&scripts%5B%5D=indexes.js&scripts%5B%5D=common.js&scripts%5B%5D=page_settings.js&scripts%5B%5D=shortcuts_handler.js&scripts%5B%5D=jquery/jquery.uitablefilter.js&scripts%5B%5D=tbl_change.js&scripts%5B%5D=gis_data_editor.js&scripts%5B%5D=multi_column_sort.js&scripts%5B%5D=codemirror/lib/codemirror.js&v=4.7.5 HTTP/1.1" 200 131330
::1 - - [18/Nov/2021:16:35:37 -0600] "GET /phpmyadmin/themes/dot.gif HTTP/1.1" 304 -
::1 - - [18/Nov/2021:16:35:37 -0600] "GET /phpmyadmin/themes/dot.gif HTTP/1.1" 304 -
::1 - - [18/Nov/2021:16:35:37 -0600] "GET /phpmyadmin/js/get_scripts.js.php?scripts%5B%5D=codemirror/mode/sql/sql.js&scripts%5B%5D=codemirror/addon/runmode/runmode.js&scripts%5B%5D=codemirror/addon/hint/show-hint.js&scripts%5B%5D=codemirror/addon/hint/sql-hint.js&scripts%5B%5D=codemirror/addon/lint/lint.js&scripts%5B%5D=codemirror/addon/lint/sql-lint.js&scripts%5B%5D=console.js&v=4.7.5 HTTP/1.1" 200 29874
::1 - - [18/Nov/2021:16:35:37 -0600] "GET /phpmyadmin/themes/dot.gif HTTP/1.1" 304 -
::1 - - [18/Nov/2021:16:35:37 -0600] "GET /phpmyadmin/themes/dot.gif HTTP/1.1" 304 -
::1 - - [18/Nov/2021:16:35:37 -0600] "GET /phpmyadmin/themes/dot.gif HTTP/1.1" 304 -
::1 - - [18/Nov/2021:16:35:37 -0600] "GET /phpmyadmin/themes/dot.gif HTTP/1.1" 304 -
::1 - - [18/Nov/2021:16:35:37 -0600] "GET /phpmyadmin/themes/dot.gif HTTP/1.1" 304 -
::1 - - [18/Nov/2021:16:35:37 -0600] "GET /phpmyadmin/themes/dot.gif HTTP/1.1" 304 -
::1 - - [18/Nov/2021:16:35:37 -0600] "GET /phpmyadmin/themes/dot.gif HTTP/1.1" 304 -
::1 - - [18/Nov/2021:16:35:37 -0600] "GET /phpmyadmin/themes/dot.gif HTTP/1.1" 304 -
::1 - - [18/Nov/2021:16:35:37 -0600] "GET /phpmyadmin/themes/dot.gif HTTP/1.1" 304 -
::1 - - [18/Nov/2021:16:35:37 -0600] "GET /phpmyadmin/themes/dot.gif HTTP/1.1" 304 -
::1 - - [18/Nov/2021:16:35:37 -0600] "GET /phpmyadmin/themes/dot.gif HTTP/1.1" 304 -
::1 - - [18/Nov/2021:16:35:37 -0600] "GET /phpmyadmin/themes/dot.gif HTTP/1.1" 304 -
::1 - - [18/Nov/2021:16:35:37 -0600] "GET /phpmyadmin/themes/dot.gif HTTP/1.1" 304 -
::1 - - [18/Nov/2021:16:35:37 -0600] "GET /phpmyadmin/themes/dot.gif HTTP/1.1" 304 -
::1 - - [18/Nov/2021:16:35:37 -0600] "GET /phpmyadmin/themes/dot.gif HTTP/1.1" 304 -
::1 - - [18/Nov/2021:16:35:37 -0600] "GET /phpmyadmin/themes/dot.gif HTTP/1.1" 304 -
::1 - - [18/Nov/2021:16:35:37 -0600] "GET /phpmyadmin/themes/dot.gif HTTP/1.1" 304 -
::1 - - [18/Nov/2021:16:35:37 -0600] "GET /phpmyadmin/themes/dot.gif HTTP/1.1" 304 -
::1 - - [18/Nov/2021:16:35:37 -0600] "GET /phpmyadmin/themes/dot.gif HTTP/1.1" 304 -
::1 - - [18/Nov/2021:16:35:37 -0600] "GET /phpmyadmin/themes/dot.gif HTTP/1.1" 304 -
::1 - - [18/Nov/2021:16:35:37 -0600] "GET /phpmyadmin/themes/dot.gif HTTP/1.1" 304 -
::1 - - [18/Nov/2021:16:35:37 -0600] "GET /phpmyadmin/themes/dot.gif HTTP/1.1" 304 -
::1 - - [18/Nov/2021:16:35:37 -0600] "GET /phpmyadmin/themes/dot.gif HTTP/1.1" 304 -
::1 - - [18/Nov/2021:16:35:37 -0600] "GET /phpmyadmin/themes/dot.gif HTTP/1.1" 304 -
::1 - - [18/Nov/2021:16:35:37 -0600] "GET /phpmyadmin/themes/dot.gif HTTP/1.1" 304 -
::1 - - [18/Nov/2021:16:35:37 -0600] "GET /phpmyadmin/themes/dot.gif HTTP/1.1" 304 -
::1 - - [18/Nov/2021:16:35:37 -0600] "GET /phpmyadmin/themes/dot.gif HTTP/1.1" 304 -
::1 - - [18/Nov/2021:16:35:37 -0600] "GET /phpmyadmin/themes/dot.gif HTTP/1.1" 304 -
::1 - - [18/Nov/2021:16:35:37 -0600] "POST /phpmyadmin/navigation.php?ajax_request=1 HTTP/1.1" 200 2545
::1 - - [18/Nov/2021:16:35:38 -0600] "GET /phpmyadmin/index.php?ajax_request=1&recent_table=1&no_debug=true&_nocache=1637274938057988307 HTTP/1.1" 200 1477
::1 - - [18/Nov/2021:16:35:38 -0600] "GET /phpmyadmin/favicon.ico HTTP/1.1" 200 22486
::1 - - [18/Nov/2021:16:35:43 -0600] "GET /phpmyadmin/db_structure.php?server=1&db=recetas&ajax_request=true&ajax_page_request=true&_nocache=1637274943644793183 HTTP/1.1" 200 5125
::1 - - [18/Nov/2021:16:35:44 -0600] "GET /phpmyadmin/js/get_scripts.js.php?scripts%5B%5D=db_structure.js&call_done=1&v=4.7.5&call_done=1&v=4.7.5 HTTP/1.1" 200 4268
::1 - - [18/Nov/2021:16:35:46 -0600] "GET /phpmyadmin/sql.php?db=recetas&goto=db_structure.php&table=recipes&pos=0&ajax_request=true&ajax_page_request=true&_nocache=1637274946130764055 HTTP/1.1" 200 7355
::1 - - [18/Nov/2021:16:35:46 -0600] "GET /phpmyadmin/index.php?ajax_request=1&recent_table=1&no_debug=true&_nocache=1637274946743748404 HTTP/1.1" 200 1477
::1 - - [18/Nov/2021:16:35:52 -0600] "POST /phpmyadmin/tbl_row_action.php HTTP/1.1" 200 1952
::1 - - [18/Nov/2021:16:35:53 -0600] "GET /phpmyadmin/index.php?ajax_request=1&recent_table=1&no_debug=true&_nocache=1637274953241592934 HTTP/1.1" 200 1477
::1 - - [18/Nov/2021:16:35:55 -0600] "POST /phpmyadmin/tbl_row_action.php HTTP/1.1" 200 4688
::1 - - [18/Nov/2021:16:35:56 -0600] "GET /phpmyadmin/index.php?ajax_request=1&recent_table=1&no_debug=true&_nocache=1637274956295311172 HTTP/1.1" 200 1477
::1 - - [18/Nov/2021:16:59:51 -0600] "POST /phpmyadmin/index.php HTTP/1.1" 200 1464
::1 - - [18/Nov/2021:17:08:39 -0600] "POST /phpmyadmin/index.php HTTP/1.1" 200 1464
::1 - - [18/Nov/2021:17:17:19 -0600] "POST /phpmyadmin/index.php HTTP/1.1" 200 1464
::1 - - [18/Nov/2021:17:25:50 -0600] "POST /phpmyadmin/index.php HTTP/1.1" 200 1464
::1 - - [18/Nov/2021:17:34:12 -0600] "POST /phpmyadmin/index.php HTTP/1.1" 200 1464
::1 - - [18/Nov/2021:17:39:56 -0600] "GET /phpmyadmin/sql.php?server=1&db=ejemplo1&table=authors&pos=0&ajax_request=true&ajax_page_request=true&_nocache=1637278796355407635 HTTP/1.1" 200 4909
::1 - - [18/Nov/2021:17:39:56 -0600] "GET /phpmyadmin/index.php?ajax_request=1&recent_table=1&no_debug=true&_nocache=1637278796769939927 HTTP/1.1" 200 1478
::1 - - [18/Nov/2021:18:02:33 -0600] "GET /phpmyadmin/themes/dot.gif HTTP/1.1" 304 -
::1 - - [18/Nov/2021:18:02:33 -0600] "GET /phpmyadmin/themes/dot.gif HTTP/1.1" 304 -
::1 - - [18/Nov/2021:18:02:33 -0600] "GET /phpmyadmin/themes/dot.gif HTTP/1.1" 304 -
::1 - - [18/Nov/2021:18:02:33 -0600] "GET /phpmyadmin/themes/dot.gif HTTP/1.1" 304 -
::1 - - [18/Nov/2021:18:02:33 -0600] "GET /phpmyadmin/themes/dot.gif HTTP/1.1" 304 -
::1 - - [18/Nov/2021:18:02:33 -0600] "GET /phpmyadmin/themes/dot.gif HTTP/1.1" 304 -
::1 - - [18/Nov/2021:18:02:33 -0600] "GET /phpmyadmin/themes/dot.gif HTTP/1.1" 304 -
::1 - - [18/Nov/2021:18:02:33 -0600] "GET /phpmyadmin/themes/dot.gif HTTP/1.1" 304 -
::1 - - [18/Nov/2021:18:02:33 -0600] "GET /phpmyadmin/themes/dot.gif HTTP/1.1" 304 -
::1 - - [18/Nov/2021:18:02:33 -0600] "GET /phpmyadmin/themes/dot.gif HTTP/1.1" 304 -
::1 - - [18/Nov/2021:18:02:33 -0600] "GET /phpmyadmin/themes/dot.gif HTTP/1.1" 304 -
::1 - - [18/Nov/2021:18:02:33 -0600] "GET /phpmyadmin/themes/dot.gif HTTP/1.1" 304 -
::1 - - [18/Nov/2021:18:02:33 -0600] "GET /phpmyadmin/themes/dot.gif HTTP/1.1" 304 -
::1 - - [18/Nov/2021:18:02:33 -0600] "GET /phpmyadmin/themes/pmahomme/img/arrow_ltr.png HTTP/1.1" 304 -
::1 - - [18/Nov/2021:18:02:33 -0600] "GET /phpmyadmin/themes/dot.gif HTTP/1.1" 304 -
::1 - - [18/Nov/2021:18:02:33 -0600] "GET /phpmyadmin/themes/dot.gif HTTP/1.1" 304 -
::1 - - [18/Nov/2021:18:02:33 -0600] "GET /phpmyadmin/themes/dot.gif HTTP/1.1" 304 -
::1 - - [18/Nov/2021:18:02:33 -0600] "GET /phpmyadmin/themes/dot.gif HTTP/1.1" 304 -
::1 - - [18/Nov/2021:18:02:33 -0600] "GET /phpmyadmin/themes/dot.gif HTTP/1.1" 304 -
::1 - - [18/Nov/2021:18:02:33 -0600] "GET /phpmyadmin/themes/dot.gif HTTP/1.1" 304 -
::1 - - [18/Nov/2021:18:02:33 -0600] "GET /phpmyadmin/themes/dot.gif HTTP/1.1" 304 -
::1 - - [18/Nov/2021:18:02:33 -0600] "GET /phpmyadmin/themes/dot.gif HTTP/1.1" 304 -
::1 - - [18/Nov/2021:18:02:33 -0600] "GET /phpmyadmin/themes/dot.gif HTTP/1.1" 304 -
::1 - - [18/Nov/2021:18:02:33 -0600] "GET /phpmyadmin/themes/dot.gif HTTP/1.1" 304 -
::1 - - [18/Nov/2021:18:02:33 -0600] "GET /phpmyadmin/themes/dot.gif HTTP/1.1" 304 -
::1 - - [18/Nov/2021:18:02:33 -0600] "GET /phpmyadmin/themes/dot.gif HTTP/1.1" 304 -
::1 - - [18/Nov/2021:18:02:33 -0600] "GET /phpmyadmin/themes/dot.gif HTTP/1.1" 304 -
::1 - - [18/Nov/2021:18:02:33 -0600] "GET /phpmyadmin/themes/dot.gif HTTP/1.1" 304 -
::1 - - [18/Nov/2021:18:02:33 -0600] "GET /phpmyadmin/themes/dot.gif HTTP/1.1" 304 -
::1 - - [18/Nov/2021:18:02:33 -0600] "GET /phpmyadmin/themes/dot.gif HTTP/1.1" 304 -
::1 - - [18/Nov/2021:18:02:33 -0600] "GET /phpmyadmin/themes/dot.gif HTTP/1.1" 304 -
::1 - - [18/Nov/2021:18:02:33 -0600] "GET /phpmyadmin/themes/dot.gif HTTP/1.1" 304 -
::1 - - [18/Nov/2021:18:02:33 -0600] "GET /phpmyadmin/themes/dot.gif HTTP/1.1" 304 -
::1 - - [18/Nov/2021:18:02:33 -0600] "GET /phpmyadmin/themes/dot.gif HTTP/1.1" 304 -
::1 - - [18/Nov/2021:18:02:33 -0600] "GET /phpmyadmin/themes/pmahomme/img/arrow_ltr.png HTTP/1.1" 304 -
::1 - - [18/Nov/2021:18:02:33 -0600] "GET /phpmyadmin/themes/dot.gif HTTP/1.1" 304 -
::1 - - [18/Nov/2021:18:02:33 -0600] "GET /phpmyadmin/themes/dot.gif HTTP/1.1" 304 -
::1 - - [18/Nov/2021:18:02:33 -0600] "GET /phpmyadmin/themes/dot.gif HTTP/1.1" 304 -
::1 - - [18/Nov/2021:18:02:33 -0600] "GET /phpmyadmin/themes/dot.gif HTTP/1.1" 304 -
::1 - - [18/Nov/2021:18:02:33 -0600] "GET /phpmyadmin/themes/dot.gif HTTP/1.1" 304 -
::1 - - [18/Nov/2021:18:02:33 -0600] "GET /phpmyadmin/themes/dot.gif HTTP/1.1" 304 -
::1 - - [18/Nov/2021:18:02:33 -0600] "GET /phpmyadmin/themes/dot.gif HTTP/1.1" 304 -
::1 - - [18/Nov/2021:18:02:33 -0600] "GET /phpmyadmin/themes/dot.gif HTTP/1.1" 304 -
::1 - - [18/Nov/2021:18:02:33 -0600] "GET /phpmyadmin/themes/dot.gif HTTP/1.1" 304 -
::1 - - [18/Nov/2021:18:02:33 -0600] "GET /phpmyadmin/themes/dot.gif HTTP/1.1" 304 -
::1 - - [18/Nov/2021:18:02:33 -0600] "GET /phpmyadmin/themes/dot.gif HTTP/1.1" 304 -
::1 - - [18/Nov/2021:18:02:33 -0600] "GET /phpmyadmin/themes/dot.gif HTTP/1.1" 304 -
::1 - - [18/Nov/2021:18:02:33 -0600] "GET /phpmyadmin/themes/dot.gif HTTP/1.1" 304 -
::1 - - [18/Nov/2021:18:02:33 -0600] "GET /phpmyadmin/themes/dot.gif HTTP/1.1" 304 -
::1 - - [18/Nov/2021:18:02:33 -0600] "GET /phpmyadmin/themes/dot.gif HTTP/1.1" 304 -
::1 - - [18/Nov/2021:18:02:33 -0600] "GET /phpmyadmin/themes/dot.gif HTTP/1.1" 304 -
::1 - - [18/Nov/2021:18:02:33 -0600] "GET /phpmyadmin/themes/dot.gif HTTP/1.1" 304 -
::1 - - [18/Nov/2021:18:02:33 -0600] "GET /phpmyadmin/themes/dot.gif HTTP/1.1" 304 -
::1 - - [18/Nov/2021:18:02:33 -0600] "GET /phpmyadmin/themes/dot.gif HTTP/1.1" 304 -
::1 - - [18/Nov/2021:18:02:33 -0600] "GET /phpmyadmin/themes/dot.gif HTTP/1.1" 304 -
::1 - - [18/Nov/2021:18:02:33 -0600] "GET /phpmyadmin/themes/pmahomme/img/arrow_ltr.png HTTP/1.1" 304 -
::1 - - [18/Nov/2021:18:02:33 -0600] "GET /phpmyadmin/themes/dot.gif HTTP/1.1" 304 -
::1 - - [18/Nov/2021:18:02:33 -0600] "GET /phpmyadmin/themes/dot.gif HTTP/1.1" 304 -
::1 - - [18/Nov/2021:18:02:33 -0600] "GET /phpmyadmin/themes/dot.gif HTTP/1.1" 304 -
::1 - - [18/Nov/2021:18:02:33 -0600] "GET /phpmyadmin/themes/dot.gif HTTP/1.1" 304 -
::1 - - [18/Nov/2021:18:02:33 -0600] "GET /phpmyadmin/themes/dot.gif HTTP/1.1" 304 -
::1 - - [18/Nov/2021:18:02:33 -0600] "GET /phpmyadmin/themes/dot.gif HTTP/1.1" 304 -
::1 - - [18/Nov/2021:18:02:34 -0600] "GET /phpmyadmin/themes/dot.gif HTTP/1.1" 304 -
::1 - - [18/Nov/2021:18:02:34 -0600] "GET /phpmyadmin/themes/dot.gif HTTP/1.1" 304 -
::1 - - [18/Nov/2021:18:02:34 -0600] "GET /phpmyadmin/themes/dot.gif HTTP/1.1" 304 -
::1 - - [18/Nov/2021:18:02:34 -0600] "GET /phpmyadmin/themes/dot.gif HTTP/1.1" 304 -
::1 - - [18/Nov/2021:18:02:34 -0600] "GET /phpmyadmin/themes/dot.gif HTTP/1.1" 304 -
::1 - - [18/Nov/2021:18:02:34 -0600] "GET /phpmyadmin/themes/dot.gif HTTP/1.1" 304 -
::1 - - [18/Nov/2021:18:02:34 -0600] "GET /phpmyadmin/themes/dot.gif HTTP/1.1" 304 -
::1 - - [18/Nov/2021:18:02:34 -0600] "GET /phpmyadmin/themes/dot.gif HTTP/1.1" 304 -
::1 - - [18/Nov/2021:18:02:34 -0600] "GET /phpmyadmin/themes/dot.gif HTTP/1.1" 304 -
::1 - - [18/Nov/2021:18:02:34 -0600] "GET /phpmyadmin/themes/dot.gif HTTP/1.1" 304 -
::1 - - [18/Nov/2021:18:02:34 -0600] "GET /phpmyadmin/themes/dot.gif HTTP/1.1" 304 -
::1 - - [18/Nov/2021:18:02:34 -0600] "GET /phpmyadmin/themes/dot.gif HTTP/1.1" 304 -
::1 - - [18/Nov/2021:18:02:34 -0600] "GET /phpmyadmin/themes/dot.gif HTTP/1.1" 304 -
::1 - - [18/Nov/2021:18:02:34 -0600] "GET /phpmyadmin/themes/dot.gif HTTP/1.1" 304 -
::1 - - [18/Nov/2021:18:02:34 -0600] "GET /phpmyadmin/themes/pmahomme/img/arrow_ltr.png HTTP/1.1" 304 -
::1 - - [18/Nov/2021:18:02:34 -0600] "GET /phpmyadmin/themes/dot.gif HTTP/1.1" 304 -
::1 - - [18/Nov/2021:18:02:34 -0600] "GET /phpmyadmin/themes/dot.gif HTTP/1.1" 304 -
::1 - - [18/Nov/2021:18:02:34 -0600] "GET /phpmyadmin/themes/dot.gif HTTP/1.1" 304 -
::1 - - [18/Nov/2021:18:02:34 -0600] "GET /phpmyadmin/themes/dot.gif HTTP/1.1" 304 -
::1 - - [18/Nov/2021:18:02:34 -0600] "GET /phpmyadmin/themes/dot.gif HTTP/1.1" 304 -
::1 - - [18/Nov/2021:18:02:34 -0600] "GET /phpmyadmin/themes/dot.gif HTTP/1.1" 304 -
::1 - - [18/Nov/2021:18:02:34 -0600] "GET /phpmyadmin/themes/dot.gif HTTP/1.1" 304 -
::1 - - [18/Nov/2021:18:02:33 -0600] "GET /phpmyadmin/sql.php?server=1&db=ejemplo1&table=authors&pos=0 HTTP/1.1" 200 11034
::1 - - [18/Nov/2021:18:02:34 -0600] "POST /phpmyadmin/navigation.php?ajax_request=1 HTTP/1.1" 200 2546
::1 - - [18/Nov/2021:18:02:34 -0600] "GET /phpmyadmin/index.php?ajax_request=1&recent_table=1&no_debug=true&_nocache=1637280154669303846 HTTP/1.1" 200 1478
::1 - - [18/Nov/2021:18:02:34 -0600] "GET /phpmyadmin/favicon.ico HTTP/1.1" 200 22486
::1 - - [18/Nov/2021:18:04:16 -0600] "GET /phpmyadmin/themes/dot.gif HTTP/1.1" 304 -
::1 - - [18/Nov/2021:18:04:16 -0600] "GET /phpmyadmin/themes/dot.gif HTTP/1.1" 304 -
::1 - - [18/Nov/2021:18:04:16 -0600] "GET /phpmyadmin/themes/dot.gif HTTP/1.1" 304 -
::1 - - [18/Nov/2021:18:04:16 -0600] "GET /phpmyadmin/themes/dot.gif HTTP/1.1" 304 -
::1 - - [18/Nov/2021:18:04:16 -0600] "GET /phpmyadmin/themes/dot.gif HTTP/1.1" 304 -
::1 - - [18/Nov/2021:18:04:16 -0600] "GET /phpmyadmin/themes/dot.gif HTTP/1.1" 304 -
::1 - - [18/Nov/2021:18:04:16 -0600] "GET /phpmyadmin/themes/dot.gif HTTP/1.1" 304 -
::1 - - [18/Nov/2021:18:04:16 -0600] "GET /phpmyadmin/themes/dot.gif HTTP/1.1" 304 -
::1 - - [18/Nov/2021:18:04:16 -0600] "GET /phpmyadmin/themes/dot.gif HTTP/1.1" 304 -
::1 - - [18/Nov/2021:18:04:16 -0600] "GET /phpmyadmin/themes/dot.gif HTTP/1.1" 304 -
::1 - - [18/Nov/2021:18:04:16 -0600] "GET /phpmyadmin/themes/dot.gif HTTP/1.1" 304 -
::1 - - [18/Nov/2021:18:04:16 -0600] "GET /phpmyadmin/themes/dot.gif HTTP/1.1" 304 -
::1 - - [18/Nov/2021:18:04:16 -0600] "GET /phpmyadmin/themes/dot.gif HTTP/1.1" 304 -
::1 - - [18/Nov/2021:18:04:16 -0600] "GET /phpmyadmin/themes/dot.gif HTTP/1.1" 304 -
::1 - - [18/Nov/2021:18:04:16 -0600] "GET /phpmyadmin/themes/dot.gif HTTP/1.1" 304 -
::1 - - [18/Nov/2021:18:04:16 -0600] "GET /phpmyadmin/themes/dot.gif HTTP/1.1" 304 -
::1 - - [18/Nov/2021:18:04:16 -0600] "GET /phpmyadmin/themes/dot.gif HTTP/1.1" 304 -
::1 - - [18/Nov/2021:18:04:16 -0600] "GET /phpmyadmin/themes/dot.gif HTTP/1.1" 304 -
::1 - - [18/Nov/2021:18:04:16 -0600] "GET /phpmyadmin/themes/dot.gif HTTP/1.1" 304 -
::1 - - [18/Nov/2021:18:04:16 -0600] "GET /phpmyadmin/themes/dot.gif HTTP/1.1" 304 -
::1 - - [18/Nov/2021:18:04:16 -0600] "GET /phpmyadmin/themes/dot.gif HTTP/1.1" 304 -
::1 - - [18/Nov/2021:18:04:16 -0600] "GET /phpmyadmin/themes/dot.gif HTTP/1.1" 304 -
::1 - - [18/Nov/2021:18:04:16 -0600] "GET /phpmyadmin/themes/dot.gif HTTP/1.1" 304 -
::1 - - [18/Nov/2021:18:04:16 -0600] "GET /phpmyadmin/themes/dot.gif HTTP/1.1" 304 -
::1 - - [18/Nov/2021:18:04:16 -0600] "GET /phpmyadmin/themes/dot.gif HTTP/1.1" 304 -
::1 - - [18/Nov/2021:18:04:16 -0600] "GET /phpmyadmin/themes/dot.gif HTTP/1.1" 304 -
::1 - - [18/Nov/2021:18:04:16 -0600] "GET /phpmyadmin/themes/dot.gif HTTP/1.1" 304 -
::1 - - [18/Nov/2021:18:04:16 -0600] "GET /phpmyadmin/themes/dot.gif HTTP/1.1" 304 -
::1 - - [18/Nov/2021:18:04:16 -0600] "GET /phpmyadmin/themes/dot.gif HTTP/1.1" 304 -
::1 - - [18/Nov/2021:18:04:16 -0600] "GET /phpmyadmin/themes/dot.gif HTTP/1.1" 304 -
::1 - - [18/Nov/2021:18:04:16 -0600] "GET /phpmyadmin/themes/dot.gif HTTP/1.1" 304 -
::1 - - [18/Nov/2021:18:04:16 -0600] "GET /phpmyadmin/themes/dot.gif HTTP/1.1" 304 -
::1 - - [18/Nov/2021:18:04:16 -0600] "GET /phpmyadmin/themes/dot.gif HTTP/1.1" 304 -
::1 - - [18/Nov/2021:18:04:16 -0600] "GET /phpmyadmin/themes/dot.gif HTTP/1.1" 304 -
::1 - - [18/Nov/2021:18:04:16 -0600] "GET /phpmyadmin/themes/dot.gif HTTP/1.1" 304 -
::1 - - [18/Nov/2021:18:04:16 -0600] "GET /phpmyadmin/themes/dot.gif HTTP/1.1" 304 -
::1 - - [18/Nov/2021:18:04:16 -0600] "GET /phpmyadmin/themes/dot.gif HTTP/1.1" 304 -
::1 - - [18/Nov/2021:18:04:16 -0600] "GET /phpmyadmin/themes/dot.gif HTTP/1.1" 304 -
::1 - - [18/Nov/2021:18:04:16 -0600] "GET /phpmyadmin/themes/dot.gif HTTP/1.1" 304 -
::1 - - [18/Nov/2021:18:04:16 -0600] "GET /phpmyadmin/themes/dot.gif HTTP/1.1" 304 -
::1 - - [18/Nov/2021:18:04:16 -0600] "GET /phpmyadmin/themes/dot.gif HTTP/1.1" 304 -
::1 - - [18/Nov/2021:18:04:16 -0600] "GET /phpmyadmin/themes/dot.gif HTTP/1.1" 304 -
::1 - - [18/Nov/2021:18:04:16 -0600] "GET /phpmyadmin/themes/dot.gif HTTP/1.1" 304 -
::1 - - [18/Nov/2021:18:04:16 -0600] "GET /phpmyadmin/themes/dot.gif HTTP/1.1" 304 -
::1 - - [18/Nov/2021:18:04:16 -0600] "GET /phpmyadmin/themes/dot.gif HTTP/1.1" 304 -
::1 - - [18/Nov/2021:18:04:16 -0600] "GET /phpmyadmin/themes/dot.gif HTTP/1.1" 304 -
::1 - - [18/Nov/2021:18:04:16 -0600] "GET /phpmyadmin/themes/dot.gif HTTP/1.1" 304 -
::1 - - [18/Nov/2021:18:04:16 -0600] "GET /phpmyadmin/themes/dot.gif HTTP/1.1" 304 -
::1 - - [18/Nov/2021:18:04:16 -0600] "GET /phpmyadmin/themes/dot.gif HTTP/1.1" 304 -
::1 - - [18/Nov/2021:18:04:16 -0600] "GET /phpmyadmin/themes/dot.gif HTTP/1.1" 304 -
::1 - - [18/Nov/2021:18:04:16 -0600] "GET /phpmyadmin/themes/dot.gif HTTP/1.1" 304 -
::1 - - [18/Nov/2021:18:04:16 -0600] "GET /phpmyadmin/themes/dot.gif HTTP/1.1" 304 -
::1 - - [18/Nov/2021:18:04:16 -0600] "GET /phpmyadmin/themes/dot.gif HTTP/1.1" 304 -
::1 - - [18/Nov/2021:18:04:16 -0600] "GET /phpmyadmin/themes/dot.gif HTTP/1.1" 304 -
::1 - - [18/Nov/2021:18:04:16 -0600] "GET /phpmyadmin/themes/dot.gif HTTP/1.1" 304 -
::1 - - [18/Nov/2021:18:04:16 -0600] "GET /phpmyadmin/themes/dot.gif HTTP/1.1" 304 -
::1 - - [18/Nov/2021:18:04:16 -0600] "GET /phpmyadmin/themes/dot.gif HTTP/1.1" 304 -
::1 - - [18/Nov/2021:18:04:16 -0600] "GET /phpmyadmin/themes/dot.gif HTTP/1.1" 304 -
::1 - - [18/Nov/2021:18:04:16 -0600] "GET /phpmyadmin/themes/dot.gif HTTP/1.1" 304 -
::1 - - [18/Nov/2021:18:04:16 -0600] "GET /phpmyadmin/themes/dot.gif HTTP/1.1" 304 -
::1 - - [18/Nov/2021:18:04:16 -0600] "GET /phpmyadmin/themes/dot.gif HTTP/1.1" 304 -
::1 - - [18/Nov/2021:18:04:16 -0600] "GET /phpmyadmin/themes/dot.gif HTTP/1.1" 304 -
::1 - - [18/Nov/2021:18:04:16 -0600] "GET /phpmyadmin/themes/dot.gif HTTP/1.1" 304 -
::1 - - [18/Nov/2021:18:04:16 -0600] "GET /phpmyadmin/themes/dot.gif HTTP/1.1" 304 -
::1 - - [18/Nov/2021:18:04:16 -0600] "GET /phpmyadmin/themes/dot.gif HTTP/1.1" 304 -
::1 - - [18/Nov/2021:18:04:16 -0600] "GET /phpmyadmin/themes/dot.gif HTTP/1.1" 304 -
::1 - - [18/Nov/2021:18:04:16 -0600] "GET /phpmyadmin/themes/dot.gif HTTP/1.1" 304 -
::1 - - [18/Nov/2021:18:04:16 -0600] "GET /phpmyadmin/themes/dot.gif HTTP/1.1" 304 -
::1 - - [18/Nov/2021:18:04:16 -0600] "GET /phpmyadmin/themes/dot.gif HTTP/1.1" 304 -
::1 - - [18/Nov/2021:18:04:16 -0600] "GET /phpmyadmin/sql.php?server=1&db=ejemplo1&table=authors&pos=0 HTTP/1.1" 200 11032
::1 - - [18/Nov/2021:18:04:16 -0600] "GET /phpmyadmin/themes/dot.gif HTTP/1.1" 304 -
::1 - - [18/Nov/2021:18:04:16 -0600] "GET /phpmyadmin/themes/dot.gif HTTP/1.1" 304 -
::1 - - [18/Nov/2021:18:04:16 -0600] "GET /phpmyadmin/themes/dot.gif HTTP/1.1" 304 -
::1 - - [18/Nov/2021:18:04:16 -0600] "GET /phpmyadmin/themes/dot.gif HTTP/1.1" 304 -
::1 - - [18/Nov/2021:18:04:16 -0600] "GET /phpmyadmin/themes/dot.gif HTTP/1.1" 304 -
::1 - - [18/Nov/2021:18:04:16 -0600] "GET /phpmyadmin/themes/dot.gif HTTP/1.1" 304 -
::1 - - [18/Nov/2021:18:04:16 -0600] "GET /phpmyadmin/themes/dot.gif HTTP/1.1" 304 -
::1 - - [18/Nov/2021:18:04:16 -0600] "GET /phpmyadmin/themes/dot.gif HTTP/1.1" 304 -
::1 - - [18/Nov/2021:18:04:16 -0600] "GET /phpmyadmin/themes/dot.gif HTTP/1.1" 304 -
::1 - - [18/Nov/2021:18:04:16 -0600] "GET /phpmyadmin/themes/dot.gif HTTP/1.1" 304 -
::1 - - [18/Nov/2021:18:04:16 -0600] "GET /phpmyadmin/themes/dot.gif HTTP/1.1" 304 -
::1 - - [18/Nov/2021:18:04:16 -0600] "GET /phpmyadmin/themes/dot.gif HTTP/1.1" 304 -
::1 - - [18/Nov/2021:18:04:16 -0600] "GET /phpmyadmin/themes/dot.gif HTTP/1.1" 304 -
::1 - - [18/Nov/2021:18:04:16 -0600] "GET /phpmyadmin/themes/dot.gif HTTP/1.1" 304 -
::1 - - [18/Nov/2021:18:04:16 -0600] "GET /phpmyadmin/themes/dot.gif HTTP/1.1" 304 -
::1 - - [18/Nov/2021:18:04:16 -0600] "GET /phpmyadmin/themes/dot.gif HTTP/1.1" 304 -
::1 - - [18/Nov/2021:18:04:16 -0600] "GET /phpmyadmin/themes/dot.gif HTTP/1.1" 304 -
::1 - - [18/Nov/2021:18:04:16 -0600] "GET /phpmyadmin/themes/dot.gif HTTP/1.1" 304 -
::1 - - [18/Nov/2021:18:04:16 -0600] "GET /phpmyadmin/themes/dot.gif HTTP/1.1" 304 -
::1 - - [18/Nov/2021:18:04:16 -0600] "GET /phpmyadmin/themes/dot.gif HTTP/1.1" 304 -
::1 - - [18/Nov/2021:18:04:16 -0600] "GET /phpmyadmin/themes/dot.gif HTTP/1.1" 304 -
::1 - - [18/Nov/2021:18:04:16 -0600] "GET /phpmyadmin/themes/dot.gif HTTP/1.1" 304 -
::1 - - [18/Nov/2021:18:04:16 -0600] "GET /phpmyadmin/themes/dot.gif HTTP/1.1" 304 -
::1 - - [18/Nov/2021:18:04:16 -0600] "GET /phpmyadmin/themes/dot.gif HTTP/1.1" 304 -
::1 - - [18/Nov/2021:18:04:16 -0600] "GET /phpmyadmin/themes/dot.gif HTTP/1.1" 304 -
::1 - - [18/Nov/2021:18:04:16 -0600] "GET /phpmyadmin/themes/dot.gif HTTP/1.1" 304 -
::1 - - [18/Nov/2021:18:04:16 -0600] "GET /phpmyadmin/themes/dot.gif HTTP/1.1" 304 -
::1 - - [18/Nov/2021:18:04:16 -0600] "GET /phpmyadmin/themes/dot.gif HTTP/1.1" 304 -
::1 - - [18/Nov/2021:18:04:16 -0600] "GET /phpmyadmin/themes/dot.gif HTTP/1.1" 304 -
::1 - - [18/Nov/2021:18:04:16 -0600] "GET /phpmyadmin/themes/dot.gif HTTP/1.1" 304 -
::1 - - [18/Nov/2021:18:04:17 -0600] "GET /phpmyadmin/themes/dot.gif HTTP/1.1" 304 -
::1 - - [18/Nov/2021:18:04:17 -0600] "GET /phpmyadmin/themes/dot.gif HTTP/1.1" 304 -
::1 - - [18/Nov/2021:18:04:17 -0600] "GET /phpmyadmin/themes/dot.gif HTTP/1.1" 304 -
::1 - - [18/Nov/2021:18:04:17 -0600] "GET /phpmyadmin/themes/dot.gif HTTP/1.1" 304 -
::1 - - [18/Nov/2021:18:04:17 -0600] "GET /phpmyadmin/themes/dot.gif HTTP/1.1" 304 -
::1 - - [18/Nov/2021:18:04:17 -0600] "GET /phpmyadmin/themes/dot.gif HTTP/1.1" 304 -
::1 - - [18/Nov/2021:18:04:17 -0600] "GET /phpmyadmin/themes/dot.gif HTTP/1.1" 304 -
::1 - - [18/Nov/2021:18:04:17 -0600] "GET /phpmyadmin/themes/dot.gif HTTP/1.1" 304 -
::1 - - [18/Nov/2021:18:04:17 -0600] "GET /phpmyadmin/themes/dot.gif HTTP/1.1" 304 -
::1 - - [18/Nov/2021:18:04:17 -0600] "GET /phpmyadmin/themes/dot.gif HTTP/1.1" 304 -
::1 - - [18/Nov/2021:18:04:17 -0600] "GET /phpmyadmin/themes/dot.gif HTTP/1.1" 304 -
::1 - - [18/Nov/2021:18:04:17 -0600] "GET /phpmyadmin/themes/dot.gif HTTP/1.1" 304 -
::1 - - [18/Nov/2021:18:04:17 -0600] "GET /phpmyadmin/themes/dot.gif HTTP/1.1" 304 -
::1 - - [18/Nov/2021:18:04:17 -0600] "GET /phpmyadmin/themes/dot.gif HTTP/1.1" 304 -
::1 - - [18/Nov/2021:18:04:17 -0600] "GET /phpmyadmin/themes/dot.gif HTTP/1.1" 304 -
::1 - - [18/Nov/2021:18:04:17 -0600] "GET /phpmyadmin/themes/dot.gif HTTP/1.1" 304 -
::1 - - [18/Nov/2021:18:04:17 -0600] "GET /phpmyadmin/themes/dot.gif HTTP/1.1" 304 -
::1 - - [18/Nov/2021:18:04:17 -0600] "GET /phpmyadmin/themes/dot.gif HTTP/1.1" 304 -
::1 - - [18/Nov/2021:18:04:17 -0600] "GET /phpmyadmin/themes/dot.gif HTTP/1.1" 304 -
::1 - - [18/Nov/2021:18:04:17 -0600] "GET /phpmyadmin/themes/dot.gif HTTP/1.1" 304 -
::1 - - [18/Nov/2021:18:04:17 -0600] "GET /phpmyadmin/themes/dot.gif HTTP/1.1" 304 -
::1 - - [18/Nov/2021:18:04:17 -0600] "GET /phpmyadmin/themes/dot.gif HTTP/1.1" 304 -
::1 - - [18/Nov/2021:18:04:17 -0600] "GET /phpmyadmin/themes/dot.gif HTTP/1.1" 304 -
::1 - - [18/Nov/2021:18:04:17 -0600] "GET /phpmyadmin/themes/dot.gif HTTP/1.1" 304 -
::1 - - [18/Nov/2021:18:04:17 -0600] "GET /phpmyadmin/themes/dot.gif HTTP/1.1" 304 -
::1 - - [18/Nov/2021:18:04:17 -0600] "GET /phpmyadmin/themes/dot.gif HTTP/1.1" 304 -
::1 - - [18/Nov/2021:18:04:17 -0600] "GET /phpmyadmin/themes/dot.gif HTTP/1.1" 304 -
::1 - - [18/Nov/2021:18:04:17 -0600] "GET /phpmyadmin/themes/dot.gif HTTP/1.1" 304 -
::1 - - [18/Nov/2021:18:04:17 -0600] "GET /phpmyadmin/themes/dot.gif HTTP/1.1" 304 -
::1 - - [18/Nov/2021:18:04:17 -0600] "GET /phpmyadmin/themes/dot.gif HTTP/1.1" 304 -
::1 - - [18/Nov/2021:18:04:17 -0600] "GET /phpmyadmin/themes/dot.gif HTTP/1.1" 304 -
::1 - - [18/Nov/2021:18:04:17 -0600] "GET /phpmyadmin/themes/dot.gif HTTP/1.1" 304 -
::1 - - [18/Nov/2021:18:04:17 -0600] "GET /phpmyadmin/themes/dot.gif HTTP/1.1" 304 -
::1 - - [18/Nov/2021:18:04:17 -0600] "GET /phpmyadmin/themes/dot.gif HTTP/1.1" 304 -
::1 - - [18/Nov/2021:18:04:17 -0600] "GET /phpmyadmin/themes/dot.gif HTTP/1.1" 304 -
::1 - - [18/Nov/2021:18:04:17 -0600] "GET /phpmyadmin/themes/dot.gif HTTP/1.1" 304 -
::1 - - [18/Nov/2021:18:04:17 -0600] "GET /phpmyadmin/themes/dot.gif HTTP/1.1" 304 -
::1 - - [18/Nov/2021:18:04:17 -0600] "POST /phpmyadmin/navigation.php?ajax_request=1 HTTP/1.1" 200 2546
::1 - - [18/Nov/2021:18:04:17 -0600] "GET /phpmyadmin/index.php?ajax_request=1&recent_table=1&no_debug=true&_nocache=1637280257585400331 HTTP/1.1" 200 1478
::1 - - [18/Nov/2021:18:04:17 -0600] "GET /phpmyadmin/favicon.ico HTTP/1.1" 200 22486
::1 - - [18/Nov/2021:18:05:55 -0600] "GET /phpmyadmin/themes/dot.gif HTTP/1.1" 304 -
::1 - - [18/Nov/2021:18:05:55 -0600] "GET /phpmyadmin/themes/dot.gif HTTP/1.1" 304 -
::1 - - [18/Nov/2021:18:05:55 -0600] "GET /phpmyadmin/themes/dot.gif HTTP/1.1" 304 -
::1 - - [18/Nov/2021:18:05:55 -0600] "GET /phpmyadmin/themes/dot.gif HTTP/1.1" 304 -
::1 - - [18/Nov/2021:18:05:55 -0600] "GET /phpmyadmin/themes/dot.gif HTTP/1.1" 304 -
::1 - - [18/Nov/2021:18:05:55 -0600] "GET /phpmyadmin/themes/dot.gif HTTP/1.1" 304 -
::1 - - [18/Nov/2021:18:05:55 -0600] "GET /phpmyadmin/sql.php?server=1&db=ejemplo1&table=authors&pos=0 HTTP/1.1" 200 11066
::1 - - [18/Nov/2021:18:05:56 -0600] "POST /phpmyadmin/navigation.php?ajax_request=1 HTTP/1.1" 200 2207
::1 - - [18/Nov/2021:18:05:56 -0600] "GET /phpmyadmin/index.php?ajax_request=1&recent_table=1&no_debug=true&_nocache=1637280356509891699 HTTP/1.1" 200 1478
::1 - - [18/Nov/2021:18:05:56 -0600] "GET /phpmyadmin/favicon.ico HTTP/1.1" 200 22486
::1 - - [18/Nov/2021:18:05:56 -0600] "GET /phpmyadmin/navigation.php?ajax_request=1&aPath=cm9vdA%3D%3D.ZWplbXBsbzE%3D&vPath=cm9vdA%3D%3D.ZWplbXBsbzE%3D&pos=0&pos2_name=&pos2_value=&searchClause=&searchClause2=&_nocache=163728035660454707 HTTP/1.1" 200 1833
::1 - - [18/Nov/2021:18:05:58 -0600] "GET /phpmyadmin/db_structure.php?server=1&db=recipes1&ajax_request=true&ajax_page_request=true&_nocache=1637280358617606870 HTTP/1.1" 200 4917
::1 - - [18/Nov/2021:18:05:58 -0600] "GET /phpmyadmin/js/get_scripts.js.php?scripts%5B%5D=db_structure.js&call_done=1&v=4.7.5&call_done=1&v=4.7.5 HTTP/1.1" 200 4268
::1 - - [18/Nov/2021:18:05:58 -0600] "GET /phpmyadmin/navigation.php?ajax_request=1&aPath=cm9vdA%3D%3D.cmVjaXBlczE%3D&vPath=cm9vdA%3D%3D.cmVjaXBlczE%3D&pos=0&pos2_name=&pos2_value=&searchClause=&searchClause2=&_nocache=1637280358885898345 HTTP/1.1" 200 1778
::1 - - [18/Nov/2021:18:08:23 -0600] "GET /phpmyadmin/themes/dot.gif HTTP/1.1" 304 -
::1 - - [18/Nov/2021:18:08:23 -0600] "GET /phpmyadmin/themes/dot.gif HTTP/1.1" 304 -
::1 - - [18/Nov/2021:18:08:23 -0600] "GET /phpmyadmin/themes/dot.gif HTTP/1.1" 304 -
::1 - - [18/Nov/2021:18:08:23 -0600] "GET /phpmyadmin/themes/dot.gif HTTP/1.1" 304 -
::1 - - [18/Nov/2021:18:08:23 -0600] "GET /phpmyadmin/themes/dot.gif HTTP/1.1" 304 -
::1 - - [18/Nov/2021:18:08:23 -0600] "GET /phpmyadmin/themes/dot.gif HTTP/1.1" 304 -
::1 - - [18/Nov/2021:18:08:23 -0600] "GET /phpmyadmin/themes/dot.gif HTTP/1.1" 304 -
::1 - - [18/Nov/2021:18:08:23 -0600] "GET /phpmyadmin/themes/dot.gif HTTP/1.1" 304 -
::1 - - [18/Nov/2021:18:08:23 -0600] "GET /phpmyadmin/themes/dot.gif HTTP/1.1" 304 -
::1 - - [18/Nov/2021:18:08:23 -0600] "GET /phpmyadmin/themes/dot.gif HTTP/1.1" 304 -
::1 - - [18/Nov/2021:18:08:23 -0600] "GET /phpmyadmin/themes/dot.gif HTTP/1.1" 304 -
::1 - - [18/Nov/2021:18:08:23 -0600] "GET /phpmyadmin/themes/dot.gif HTTP/1.1" 304 -
::1 - - [18/Nov/2021:18:08:23 -0600] "GET /phpmyadmin/themes/dot.gif HTTP/1.1" 304 -
::1 - - [18/Nov/2021:18:08:23 -0600] "GET /phpmyadmin/themes/dot.gif HTTP/1.1" 304 -
::1 - - [18/Nov/2021:18:08:23 -0600] "GET /phpmyadmin/themes/dot.gif HTTP/1.1" 304 -
::1 - - [18/Nov/2021:18:08:23 -0600] "GET /phpmyadmin/themes/dot.gif HTTP/1.1" 304 -
::1 - - [18/Nov/2021:18:08:23 -0600] "GET /phpmyadmin/themes/dot.gif HTTP/1.1" 304 -
::1 - - [18/Nov/2021:18:08:23 -0600] "GET /phpmyadmin/themes/dot.gif HTTP/1.1" 304 -
::1 - - [18/Nov/2021:18:08:23 -0600] "GET /phpmyadmin/themes/dot.gif HTTP/1.1" 304 -
::1 - - [18/Nov/2021:18:08:23 -0600] "GET /phpmyadmin/themes/dot.gif HTTP/1.1" 304 -
::1 - - [18/Nov/2021:18:08:23 -0600] "GET /phpmyadmin/themes/dot.gif HTTP/1.1" 304 -
::1 - - [18/Nov/2021:18:08:23 -0600] "GET /phpmyadmin/themes/dot.gif HTTP/1.1" 304 -
::1 - - [18/Nov/2021:18:08:23 -0600] "GET /phpmyadmin/themes/dot.gif HTTP/1.1" 304 -
::1 - - [18/Nov/2021:18:08:23 -0600] "GET /phpmyadmin/themes/dot.gif HTTP/1.1" 304 -
::1 - - [18/Nov/2021:18:08:23 -0600] "GET /phpmyadmin/themes/dot.gif HTTP/1.1" 304 -
::1 - - [18/Nov/2021:18:08:23 -0600] "GET /phpmyadmin/themes/dot.gif HTTP/1.1" 304 -
::1 - - [18/Nov/2021:18:08:23 -0600] "GET /phpmyadmin/themes/dot.gif HTTP/1.1" 304 -
::1 - - [18/Nov/2021:18:08:23 -0600] "GET /phpmyadmin/themes/dot.gif HTTP/1.1" 304 -
::1 - - [18/Nov/2021:18:08:23 -0600] "GET /phpmyadmin/themes/dot.gif HTTP/1.1" 304 -
::1 - - [18/Nov/2021:18:08:23 -0600] "GET /phpmyadmin/themes/dot.gif HTTP/1.1" 304 -
::1 - - [18/Nov/2021:18:08:23 -0600] "GET /phpmyadmin/themes/dot.gif HTTP/1.1" 304 -
::1 - - [18/Nov/2021:18:08:23 -0600] "GET /phpmyadmin/themes/dot.gif HTTP/1.1" 304 -
::1 - - [18/Nov/2021:18:08:23 -0600] "GET /phpmyadmin/themes/dot.gif HTTP/1.1" 304 -
::1 - - [18/Nov/2021:18:08:23 -0600] "GET /phpmyadmin/themes/dot.gif HTTP/1.1" 304 -
::1 - - [18/Nov/2021:18:08:23 -0600] "GET /phpmyadmin/themes/dot.gif HTTP/1.1" 304 -
::1 - - [18/Nov/2021:18:08:23 -0600] "GET /phpmyadmin/themes/dot.gif HTTP/1.1" 304 -
::1 - - [18/Nov/2021:18:08:23 -0600] "GET /phpmyadmin/themes/dot.gif HTTP/1.1" 304 -
::1 - - [18/Nov/2021:18:08:23 -0600] "GET /phpmyadmin/themes/dot.gif HTTP/1.1" 304 -
::1 - - [18/Nov/2021:18:08:23 -0600] "GET /phpmyadmin/themes/dot.gif HTTP/1.1" 304 -
::1 - - [18/Nov/2021:18:08:23 -0600] "GET /phpmyadmin/themes/dot.gif HTTP/1.1" 304 -
::1 - - [18/Nov/2021:18:08:23 -0600] "GET /phpmyadmin/themes/dot.gif HTTP/1.1" 304 -
::1 - - [18/Nov/2021:18:08:23 -0600] "GET /phpmyadmin/themes/dot.gif HTTP/1.1" 304 -
::1 - - [18/Nov/2021:18:08:23 -0600] "GET /phpmyadmin/themes/dot.gif HTTP/1.1" 304 -
::1 - - [18/Nov/2021:18:08:23 -0600] "GET /phpmyadmin/themes/dot.gif HTTP/1.1" 304 -
::1 - - [18/Nov/2021:18:08:23 -0600] "GET /phpmyadmin/themes/dot.gif HTTP/1.1" 304 -
::1 - - [18/Nov/2021:18:08:23 -0600] "GET /phpmyadmin/themes/dot.gif HTTP/1.1" 304 -
::1 - - [18/Nov/2021:18:08:23 -0600] "GET /phpmyadmin/themes/dot.gif HTTP/1.1" 304 -
::1 - - [18/Nov/2021:18:08:23 -0600] "GET /phpmyadmin/themes/dot.gif HTTP/1.1" 304 -
::1 - - [18/Nov/2021:18:08:23 -0600] "GET /phpmyadmin/themes/dot.gif HTTP/1.1" 304 -
::1 - - [18/Nov/2021:18:08:23 -0600] "GET /phpmyadmin/themes/dot.gif HTTP/1.1" 304 -
::1 - - [18/Nov/2021:18:08:23 -0600] "GET /phpmyadmin/themes/dot.gif HTTP/1.1" 304 -
::1 - - [18/Nov/2021:18:08:23 -0600] "GET /phpmyadmin/themes/dot.gif HTTP/1.1" 304 -
::1 - - [18/Nov/2021:18:08:23 -0600] "GET /phpmyadmin/themes/dot.gif HTTP/1.1" 304 -
::1 - - [18/Nov/2021:18:08:23 -0600] "GET /phpmyadmin/themes/dot.gif HTTP/1.1" 304 -
::1 - - [18/Nov/2021:18:08:23 -0600] "GET /phpmyadmin/themes/dot.gif HTTP/1.1" 304 -
::1 - - [18/Nov/2021:18:08:23 -0600] "GET /phpmyadmin/themes/dot.gif HTTP/1.1" 304 -
::1 - - [18/Nov/2021:18:08:23 -0600] "GET /phpmyadmin/themes/dot.gif HTTP/1.1" 304 -
::1 - - [18/Nov/2021:18:08:23 -0600] "GET /phpmyadmin/themes/dot.gif HTTP/1.1" 304 -
::1 - - [18/Nov/2021:18:08:23 -0600] "GET /phpmyadmin/themes/dot.gif HTTP/1.1" 304 -
::1 - - [18/Nov/2021:18:08:23 -0600] "GET /phpmyadmin/themes/dot.gif HTTP/1.1" 304 -
::1 - - [18/Nov/2021:18:08:23 -0600] "GET /phpmyadmin/themes/dot.gif HTTP/1.1" 304 -
::1 - - [18/Nov/2021:18:08:23 -0600] "GET /phpmyadmin/themes/dot.gif HTTP/1.1" 304 -
::1 - - [18/Nov/2021:18:08:23 -0600] "GET /phpmyadmin/themes/dot.gif HTTP/1.1" 304 -
::1 - - [18/Nov/2021:18:08:23 -0600] "GET /phpmyadmin/themes/dot.gif HTTP/1.1" 304 -
::1 - - [18/Nov/2021:18:08:23 -0600] "GET /phpmyadmin/themes/dot.gif HTTP/1.1" 304 -
::1 - - [18/Nov/2021:18:08:23 -0600] "GET /phpmyadmin/themes/dot.gif HTTP/1.1" 304 -
::1 - - [18/Nov/2021:18:08:23 -0600] "GET /phpmyadmin/themes/dot.gif HTTP/1.1" 304 -
::1 - - [18/Nov/2021:18:08:23 -0600] "GET /phpmyadmin/themes/dot.gif HTTP/1.1" 304 -
::1 - - [18/Nov/2021:18:08:23 -0600] "GET /phpmyadmin/themes/dot.gif HTTP/1.1" 304 -
::1 - - [18/Nov/2021:18:08:23 -0600] "GET /phpmyadmin/themes/dot.gif HTTP/1.1" 304 -
::1 - - [18/Nov/2021:18:08:23 -0600] "GET /phpmyadmin/themes/dot.gif HTTP/1.1" 304 -
::1 - - [18/Nov/2021:18:08:23 -0600] "GET /phpmyadmin/themes/dot.gif HTTP/1.1" 304 -
::1 - - [18/Nov/2021:18:08:23 -0600] "GET /phpmyadmin/themes/dot.gif HTTP/1.1" 304 -
::1 - - [18/Nov/2021:18:08:23 -0600] "GET /phpmyadmin/themes/dot.gif HTTP/1.1" 304 -
::1 - - [18/Nov/2021:18:08:23 -0600] "GET /phpmyadmin/themes/dot.gif HTTP/1.1" 304 -
::1 - - [18/Nov/2021:18:08:23 -0600] "GET /phpmyadmin/themes/dot.gif HTTP/1.1" 304 -
::1 - - [18/Nov/2021:18:08:23 -0600] "GET /phpmyadmin/themes/dot.gif HTTP/1.1" 304 -
::1 - - [18/Nov/2021:18:08:23 -0600] "GET /phpmyadmin/db_structure.php?server=1&db=recipes1 HTTP/1.1" 200 11171
::1 - - [18/Nov/2021:18:08:23 -0600] "GET /phpmyadmin/themes/dot.gif HTTP/1.1" 304 -
::1 - - [18/Nov/2021:18:08:23 -0600] "GET /phpmyadmin/themes/dot.gif HTTP/1.1" 304 -
::1 - - [18/Nov/2021:18:08:23 -0600] "GET /phpmyadmin/themes/dot.gif HTTP/1.1" 304 -
::1 - - [18/Nov/2021:18:08:23 -0600] "GET /phpmyadmin/themes/dot.gif HTTP/1.1" 304 -
::1 - - [18/Nov/2021:18:08:23 -0600] "GET /phpmyadmin/themes/dot.gif HTTP/1.1" 304 -
::1 - - [18/Nov/2021:18:08:23 -0600] "GET /phpmyadmin/themes/dot.gif HTTP/1.1" 304 -
::1 - - [18/Nov/2021:18:08:23 -0600] "GET /phpmyadmin/themes/dot.gif HTTP/1.1" 304 -
::1 - - [18/Nov/2021:18:08:23 -0600] "GET /phpmyadmin/themes/dot.gif HTTP/1.1" 304 -
::1 - - [18/Nov/2021:18:08:23 -0600] "GET /phpmyadmin/themes/dot.gif HTTP/1.1" 304 -
::1 - - [18/Nov/2021:18:08:23 -0600] "GET /phpmyadmin/themes/dot.gif HTTP/1.1" 304 -
::1 - - [18/Nov/2021:18:08:23 -0600] "GET /phpmyadmin/themes/dot.gif HTTP/1.1" 304 -
::1 - - [18/Nov/2021:18:08:23 -0600] "GET /phpmyadmin/themes/dot.gif HTTP/1.1" 304 -
::1 - - [18/Nov/2021:18:08:23 -0600] "GET /phpmyadmin/themes/dot.gif HTTP/1.1" 304 -
::1 - - [18/Nov/2021:18:08:23 -0600] "GET /phpmyadmin/themes/dot.gif HTTP/1.1" 304 -
::1 - - [18/Nov/2021:18:08:23 -0600] "GET /phpmyadmin/themes/dot.gif HTTP/1.1" 304 -
::1 - - [18/Nov/2021:18:08:23 -0600] "GET /phpmyadmin/js/get_scripts.js.php?scripts%5B%5D=navigation.js&scripts%5B%5D=indexes.js&scripts%5B%5D=common.js&scripts%5B%5D=page_settings.js&scripts%5B%5D=shortcuts_handler.js&scripts%5B%5D=db_structure.js&scripts%5B%5D=tbl_change.js&scripts%5B%5D=codemirror/lib/codemirror.js&scripts%5B%5D=codemirror/mode/sql/sql.js&scripts%5B%5D=codemirror/addon/runmode/runmode.js&v=4.7.5 HTTP/1.1" 200 140444
::1 - - [18/Nov/2021:18:08:23 -0600] "GET /phpmyadmin/js/get_scripts.js.php?scripts%5B%5D=codemirror/addon/hint/show-hint.js&scripts%5B%5D=codemirror/addon/hint/sql-hint.js&scripts%5B%5D=codemirror/addon/lint/lint.js&scripts%5B%5D=codemirror/addon/lint/sql-lint.js&scripts%5B%5D=console.js&v=4.7.5 HTTP/1.1" 200 19284
::1 - - [18/Nov/2021:18:08:24 -0600] "POST /phpmyadmin/navigation.php?ajax_request=1 HTTP/1.1" 200 2539
::1 - - [18/Nov/2021:18:08:24 -0600] "GET /phpmyadmin/favicon.ico HTTP/1.1" 200 22486
::1 - - [18/Nov/2021:18:09:18 -0600] "GET /phpmyadmin/db_structure.php?server=1&db=smis092321&ajax_request=true&ajax_page_request=true&_nocache=1637280558636513182 HTTP/1.1" 200 4909
::1 - - [18/Nov/2021:18:09:18 -0600] "GET /phpmyadmin/navigation.php?ajax_request=1&aPath=cm9vdA%3D%3D.c21pczA5MjMyMQ%3D%3D&vPath=cm9vdA%3D%3D.c21pczA5MjMyMQ%3D%3D&pos=0&pos2_name=&pos2_value=&searchClause=&searchClause2=&_nocache=163728055887521735 HTTP/1.1" 200 1760
::1 - - [18/Nov/2021:18:09:30 -0600] "GET /phpmyadmin/db_structure.php?server=1&db=smis092321&ajax_request=true&ajax_page_request=true&_nocache=1637280570531596011 HTTP/1.1" 200 4909
::1 - - [18/Nov/2021:18:09:33 -0600] "GET /phpmyadmin/db_structure.php?server=1&db=ejemplo1&ajax_request=true&ajax_page_request=true&_nocache=1637280573322924677 HTTP/1.1" 200 5133
::1 - - [18/Nov/2021:18:09:34 -0600] "GET /phpmyadmin/index.php?ajax_request=true&ajax_page_request=true&_nocache=1637280574530314876 HTTP/1.1" 200 7392
::1 - - [18/Nov/2021:18:09:34 -0600] "POST /phpmyadmin/version_check.php HTTP/1.1" 200 64
::1 - - [18/Nov/2021:18:09:39 -0600] "GET /phpmyadmin/server_databases.php?db=&ajax_request=true&ajax_page_request=true&_nocache=1637280579128709805 HTTP/1.1" 200 6435
::1 - - [18/Nov/2021:18:09:39 -0600] "GET /phpmyadmin/js/get_scripts.js.php?scripts%5B%5D=server_databases.js&call_done=1&v=4.7.5&call_done=1&v=4.7.5 HTTP/1.1" 200 2168
::1 - - [18/Nov/2021:18:09:55 -0600] "POST /phpmyadmin/server_databases.php?pos=0&dbstats=&sort_by=SCHEMA_NAME&sort_order=asc&token=a521498f37e032f74d2e2c1ff3936d2a&selected_dbs%5B%5D=ejemplo1&selected_dbs%5B%5D=recipes1&selected_dbs%5B%5D=smis092321&selected_dbs%5B%5D=test&drop_selected_dbs=1&is_js_confirmed=1&ajax_request=true HTTP/1.1" 200 1520
::1 - - [18/Nov/2021:18:09:56 -0600] "POST /phpmyadmin/navigation.php?ajax_request=1 HTTP/1.1" 200 2077
::1 - - [18/Nov/2021:18:14:45 -0600] "GET /phpmyadmin/themes/dot.gif HTTP/1.1" 304 -
::1 - - [18/Nov/2021:18:14:45 -0600] "GET /phpmyadmin/themes/dot.gif HTTP/1.1" 304 -
::1 - - [18/Nov/2021:18:14:45 -0600] "GET /phpmyadmin/themes/dot.gif HTTP/1.1" 304 -
::1 - - [18/Nov/2021:18:14:45 -0600] "GET /phpmyadmin/themes/dot.gif HTTP/1.1" 304 -
::1 - - [18/Nov/2021:18:14:45 -0600] "GET /phpmyadmin/themes/dot.gif HTTP/1.1" 304 -
::1 - - [18/Nov/2021:18:14:45 -0600] "GET /phpmyadmin/themes/dot.gif HTTP/1.1" 304 -
::1 - - [18/Nov/2021:18:14:45 -0600] "GET /phpmyadmin/themes/dot.gif HTTP/1.1" 304 -
::1 - - [18/Nov/2021:18:14:45 -0600] "GET /phpmyadmin/themes/dot.gif HTTP/1.1" 304 -
::1 - - [18/Nov/2021:18:14:45 -0600] "GET /phpmyadmin/themes/dot.gif HTTP/1.1" 304 -
::1 - - [18/Nov/2021:18:14:45 -0600] "GET /phpmyadmin/themes/dot.gif HTTP/1.1" 304 -
::1 - - [18/Nov/2021:18:14:45 -0600] "GET /phpmyadmin/themes/dot.gif HTTP/1.1" 304 -
::1 - - [18/Nov/2021:18:14:45 -0600] "GET /phpmyadmin/themes/dot.gif HTTP/1.1" 304 -
::1 - - [18/Nov/2021:18:14:45 -0600] "GET /phpmyadmin/themes/dot.gif HTTP/1.1" 304 -
::1 - - [18/Nov/2021:18:14:45 -0600] "GET /phpmyadmin/themes/dot.gif HTTP/1.1" 304 -
::1 - - [18/Nov/2021:18:14:45 -0600] "GET /phpmyadmin/themes/dot.gif HTTP/1.1" 304 -
::1 - - [18/Nov/2021:18:14:45 -0600] "GET /phpmyadmin/themes/dot.gif HTTP/1.1" 304 -
::1 - - [18/Nov/2021:18:14:45 -0600] "GET /phpmyadmin/themes/dot.gif HTTP/1.1" 304 -
::1 - - [18/Nov/2021:18:14:45 -0600] "GET /phpmyadmin/themes/dot.gif HTTP/1.1" 304 -
::1 - - [18/Nov/2021:18:14:45 -0600] "GET /phpmyadmin/themes/dot.gif HTTP/1.1" 304 -
::1 - - [18/Nov/2021:18:14:45 -0600] "GET /phpmyadmin/themes/dot.gif HTTP/1.1" 304 -
::1 - - [18/Nov/2021:18:14:45 -0600] "GET /phpmyadmin/themes/dot.gif HTTP/1.1" 304 -
::1 - - [18/Nov/2021:18:14:45 -0600] "GET /phpmyadmin/themes/dot.gif HTTP/1.1" 304 -
::1 - - [18/Nov/2021:18:14:45 -0600] "GET /phpmyadmin/themes/dot.gif HTTP/1.1" 304 -
::1 - - [18/Nov/2021:18:14:45 -0600] "GET /phpmyadmin/themes/dot.gif HTTP/1.1" 304 -
::1 - - [18/Nov/2021:18:14:45 -0600] "GET /phpmyadmin/themes/dot.gif HTTP/1.1" 304 -
::1 - - [18/Nov/2021:18:14:45 -0600] "GET /phpmyadmin/themes/dot.gif HTTP/1.1" 304 -
::1 - - [18/Nov/2021:18:14:45 -0600] "GET /phpmyadmin/themes/dot.gif HTTP/1.1" 304 -
::1 - - [18/Nov/2021:18:14:45 -0600] "GET /phpmyadmin/themes/dot.gif HTTP/1.1" 304 -
::1 - - [18/Nov/2021:18:14:45 -0600] "GET /phpmyadmin/themes/dot.gif HTTP/1.1" 304 -
::1 - - [18/Nov/2021:18:14:45 -0600] "GET /phpmyadmin/themes/dot.gif HTTP/1.1" 304 -
::1 - - [18/Nov/2021:18:14:45 -0600] "GET /phpmyadmin/themes/dot.gif HTTP/1.1" 304 -
::1 - - [18/Nov/2021:18:14:45 -0600] "GET /phpmyadmin/themes/dot.gif HTTP/1.1" 304 -
::1 - - [18/Nov/2021:18:14:45 -0600] "GET /phpmyadmin/themes/dot.gif HTTP/1.1" 304 -
::1 - - [18/Nov/2021:18:14:45 -0600] "GET /phpmyadmin/themes/dot.gif HTTP/1.1" 304 -
::1 - - [18/Nov/2021:18:14:45 -0600] "GET /phpmyadmin/themes/dot.gif HTTP/1.1" 304 -
::1 - - [18/Nov/2021:18:14:45 -0600] "GET /phpmyadmin/themes/dot.gif HTTP/1.1" 304 -
::1 - - [18/Nov/2021:18:14:45 -0600] "GET /phpmyadmin/themes/dot.gif HTTP/1.1" 304 -
::1 - - [18/Nov/2021:18:14:45 -0600] "GET /phpmyadmin/themes/dot.gif HTTP/1.1" 304 -
::1 - - [18/Nov/2021:18:14:45 -0600] "GET /phpmyadmin/themes/dot.gif HTTP/1.1" 304 -
::1 - - [18/Nov/2021:18:14:45 -0600] "GET /phpmyadmin/themes/dot.gif HTTP/1.1" 304 -
::1 - - [18/Nov/2021:18:14:45 -0600] "GET /phpmyadmin/themes/dot.gif HTTP/1.1" 304 -
::1 - - [18/Nov/2021:18:14:45 -0600] "GET /phpmyadmin/themes/dot.gif HTTP/1.1" 304 -
::1 - - [18/Nov/2021:18:14:45 -0600] "GET /phpmyadmin/themes/dot.gif HTTP/1.1" 304 -
::1 - - [18/Nov/2021:18:14:45 -0600] "GET /phpmyadmin/themes/dot.gif HTTP/1.1" 304 -
::1 - - [18/Nov/2021:18:14:45 -0600] "GET /phpmyadmin/themes/dot.gif HTTP/1.1" 304 -
::1 - - [18/Nov/2021:18:14:45 -0600] "GET /phpmyadmin/themes/dot.gif HTTP/1.1" 304 -
::1 - - [18/Nov/2021:18:14:45 -0600] "GET /phpmyadmin/themes/dot.gif HTTP/1.1" 304 -
::1 - - [18/Nov/2021:18:14:45 -0600] "GET /phpmyadmin/themes/dot.gif HTTP/1.1" 304 -
::1 - - [18/Nov/2021:18:14:45 -0600] "GET /phpmyadmin/themes/dot.gif HTTP/1.1" 304 -
::1 - - [18/Nov/2021:18:14:45 -0600] "GET /phpmyadmin/themes/dot.gif HTTP/1.1" 304 -
::1 - - [18/Nov/2021:18:14:45 -0600] "GET /phpmyadmin/themes/dot.gif HTTP/1.1" 304 -
::1 - - [18/Nov/2021:18:14:45 -0600] "GET /phpmyadmin/themes/dot.gif HTTP/1.1" 304 -
::1 - - [18/Nov/2021:18:14:45 -0600] "GET /phpmyadmin/themes/dot.gif HTTP/1.1" 304 -
::1 - - [18/Nov/2021:18:14:45 -0600] "GET /phpmyadmin/themes/dot.gif HTTP/1.1" 304 -
::1 - - [18/Nov/2021:18:14:45 -0600] "GET /phpmyadmin/themes/dot.gif HTTP/1.1" 304 -
::1 - - [18/Nov/2021:18:14:45 -0600] "GET /phpmyadmin/themes/dot.gif HTTP/1.1" 304 -
::1 - - [18/Nov/2021:18:14:45 -0600] "GET /phpmyadmin/themes/dot.gif HTTP/1.1" 304 -
::1 - - [18/Nov/2021:18:14:45 -0600] "GET /phpmyadmin/themes/dot.gif HTTP/1.1" 304 -
::1 - - [18/Nov/2021:18:14:45 -0600] "GET /phpmyadmin/themes/dot.gif HTTP/1.1" 304 -
::1 - - [18/Nov/2021:18:14:45 -0600] "GET /phpmyadmin/themes/dot.gif HTTP/1.1" 304 -
::1 - - [18/Nov/2021:18:14:45 -0600] "GET /phpmyadmin/themes/dot.gif HTTP/1.1" 304 -
::1 - - [18/Nov/2021:18:14:45 -0600] "GET /phpmyadmin/themes/dot.gif HTTP/1.1" 304 -
::1 - - [18/Nov/2021:18:14:45 -0600] "GET /phpmyadmin/themes/dot.gif HTTP/1.1" 304 -
::1 - - [18/Nov/2021:18:14:45 -0600] "GET /phpmyadmin/themes/dot.gif HTTP/1.1" 304 -
::1 - - [18/Nov/2021:18:14:45 -0600] "GET /phpmyadmin/themes/dot.gif HTTP/1.1" 304 -
::1 - - [18/Nov/2021:18:14:45 -0600] "GET /phpmyadmin/themes/dot.gif HTTP/1.1" 304 -
::1 - - [18/Nov/2021:18:14:45 -0600] "GET /phpmyadmin/themes/dot.gif HTTP/1.1" 304 -
::1 - - [18/Nov/2021:18:14:45 -0600] "GET /phpmyadmin/themes/dot.gif HTTP/1.1" 304 -
::1 - - [18/Nov/2021:18:14:45 -0600] "GET /phpmyadmin/themes/dot.gif HTTP/1.1" 304 -
::1 - - [18/Nov/2021:18:14:45 -0600] "GET /phpmyadmin/themes/dot.gif HTTP/1.1" 304 -
::1 - - [18/Nov/2021:18:14:45 -0600] "GET /phpmyadmin/themes/dot.gif HTTP/1.1" 304 -
::1 - - [18/Nov/2021:18:14:45 -0600] "GET /phpmyadmin/themes/dot.gif HTTP/1.1" 304 -
::1 - - [18/Nov/2021:18:14:45 -0600] "GET /phpmyadmin/themes/dot.gif HTTP/1.1" 304 -
::1 - - [18/Nov/2021:18:14:45 -0600] "GET /phpmyadmin/themes/dot.gif HTTP/1.1" 304 -
::1 - - [18/Nov/2021:18:14:45 -0600] "GET /phpmyadmin/themes/dot.gif HTTP/1.1" 304 -
::1 - - [18/Nov/2021:18:14:45 -0600] "GET /phpmyadmin/themes/dot.gif HTTP/1.1" 304 -
::1 - - [18/Nov/2021:18:14:45 -0600] "GET /phpmyadmin/server_databases.php?db= HTTP/1.1" 200 12913
::1 - - [18/Nov/2021:18:14:45 -0600] "GET /phpmyadmin/themes/dot.gif HTTP/1.1" 304 -
::1 - - [18/Nov/2021:18:14:45 -0600] "GET /phpmyadmin/themes/dot.gif HTTP/1.1" 304 -
::1 - - [18/Nov/2021:18:14:45 -0600] "GET /phpmyadmin/themes/dot.gif HTTP/1.1" 304 -
::1 - - [18/Nov/2021:18:14:45 -0600] "GET /phpmyadmin/themes/dot.gif HTTP/1.1" 304 -
::1 - - [18/Nov/2021:18:14:45 -0600] "GET /phpmyadmin/themes/dot.gif HTTP/1.1" 304 -
::1 - - [18/Nov/2021:18:14:45 -0600] "GET /phpmyadmin/themes/dot.gif HTTP/1.1" 304 -
::1 - - [18/Nov/2021:18:14:45 -0600] "GET /phpmyadmin/themes/dot.gif HTTP/1.1" 304 -
::1 - - [18/Nov/2021:18:14:45 -0600] "GET /phpmyadmin/themes/dot.gif HTTP/1.1" 304 -
::1 - - [18/Nov/2021:18:14:45 -0600] "GET /phpmyadmin/themes/dot.gif HTTP/1.1" 304 -
::1 - - [18/Nov/2021:18:14:45 -0600] "GET /phpmyadmin/themes/dot.gif HTTP/1.1" 304 -
::1 - - [18/Nov/2021:18:14:45 -0600] "GET /phpmyadmin/themes/dot.gif HTTP/1.1" 304 -
::1 - - [18/Nov/2021:18:14:46 -0600] "GET /phpmyadmin/themes/dot.gif HTTP/1.1" 304 -
::1 - - [18/Nov/2021:18:14:46 -0600] "GET /phpmyadmin/themes/dot.gif HTTP/1.1" 304 -
::1 - - [18/Nov/2021:18:14:46 -0600] "GET /phpmyadmin/themes/dot.gif HTTP/1.1" 304 -
::1 - - [18/Nov/2021:18:14:46 -0600] "GET /phpmyadmin/themes/dot.gif HTTP/1.1" 304 -
::1 - - [18/Nov/2021:18:14:46 -0600] "GET /phpmyadmin/themes/dot.gif HTTP/1.1" 304 -
::1 - - [18/Nov/2021:18:14:46 -0600] "GET /phpmyadmin/themes/dot.gif HTTP/1.1" 304 -
::1 - - [18/Nov/2021:18:14:46 -0600] "GET /phpmyadmin/themes/dot.gif HTTP/1.1" 304 -
::1 - - [18/Nov/2021:18:14:46 -0600] "GET /phpmyadmin/themes/dot.gif HTTP/1.1" 304 -
::1 - - [18/Nov/2021:18:14:46 -0600] "GET /phpmyadmin/themes/dot.gif HTTP/1.1" 304 -
::1 - - [18/Nov/2021:18:14:46 -0600] "GET /phpmyadmin/themes/dot.gif HTTP/1.1" 304 -
::1 - - [18/Nov/2021:18:14:46 -0600] "GET /phpmyadmin/themes/dot.gif HTTP/1.1" 304 -
::1 - - [18/Nov/2021:18:14:46 -0600] "GET /phpmyadmin/themes/dot.gif HTTP/1.1" 304 -
::1 - - [18/Nov/2021:18:14:46 -0600] "GET /phpmyadmin/themes/dot.gif HTTP/1.1" 304 -
::1 - - [18/Nov/2021:18:14:46 -0600] "GET /phpmyadmin/themes/dot.gif HTTP/1.1" 304 -
::1 - - [18/Nov/2021:18:14:46 -0600] "GET /phpmyadmin/themes/dot.gif HTTP/1.1" 304 -
::1 - - [18/Nov/2021:18:14:46 -0600] "GET /phpmyadmin/themes/dot.gif HTTP/1.1" 304 -
::1 - - [18/Nov/2021:18:14:46 -0600] "GET /phpmyadmin/themes/dot.gif HTTP/1.1" 304 -
::1 - - [18/Nov/2021:18:14:46 -0600] "GET /phpmyadmin/js/get_scripts.js.php?scripts%5B%5D=navigation.js&scripts%5B%5D=indexes.js&scripts%5B%5D=common.js&scripts%5B%5D=page_settings.js&scripts%5B%5D=shortcuts_handler.js&scripts%5B%5D=server_databases.js&scripts%5B%5D=codemirror/lib/codemirror.js&scripts%5B%5D=codemirror/mode/sql/sql.js&scripts%5B%5D=codemirror/addon/runmode/runmode.js&scripts%5B%5D=codemirror/addon/hint/show-hint.js&v=4.7.5 HTTP/1.1" 200 135995
::1 - - [18/Nov/2021:18:14:46 -0600] "GET /phpmyadmin/js/get_scripts.js.php?scripts%5B%5D=codemirror/addon/hint/sql-hint.js&scripts%5B%5D=codemirror/addon/lint/lint.js&scripts%5B%5D=codemirror/addon/lint/sql-lint.js&scripts%5B%5D=console.js&v=4.7.5 HTTP/1.1" 200 15393
::1 - - [18/Nov/2021:18:14:46 -0600] "POST /phpmyadmin/navigation.php?ajax_request=1 HTTP/1.1" 200 2108
::1 - - [18/Nov/2021:18:14:46 -0600] "GET /phpmyadmin/favicon.ico HTTP/1.1" 200 22486
::1 - - [18/Nov/2021:18:14:47 -0600] "GET /phpmyadmin/db_structure.php?server=1&db=recipes1&ajax_request=true&ajax_page_request=true&_nocache=1637280887869800405 HTTP/1.1" 200 5131
::1 - - [18/Nov/2021:18:14:48 -0600] "GET /phpmyadmin/navigation.php?ajax_request=1&aPath=cm9vdA%3D%3D.cmVjaXBlczE%3D&vPath=cm9vdA%3D%3D.cmVjaXBlczE%3D&pos=0&pos2_name=&pos2_value=&searchClause=&searchClause2=&_nocache=1637280888141719469 HTTP/1.1" 200 1820
::1 - - [18/Nov/2021:18:14:50 -0600] "GET /phpmyadmin/sql.php?db=recipes1&goto=db_structure.php&table=recipes&pos=0&ajax_request=true&ajax_page_request=true&_nocache=1637280890651606336 HTTP/1.1" 200 4900
::1 - - [18/Nov/2021:18:14:51 -0600] "GET /phpmyadmin/index.php?ajax_request=1&recent_table=1&no_debug=true&_nocache=1637280891254891020 HTTP/1.1" 200 1484
::1 - - [18/Nov/2021:18:14:53 -0600] "GET /phpmyadmin/tbl_structure.php?db=recipes1&table=recipes&ajax_request=true&ajax_page_request=true&_nocache=1637280893530450 HTTP/1.1" 200 7135
::1 - - [18/Nov/2021:18:14:54 -0600] "GET /phpmyadmin/js/get_scripts.js.php?scripts%5B%5D=tbl_structure.js&call_done=1&v=4.7.5&call_done=1&v=4.7.5 HTTP/1.1" 200 5264
::1 - - [18/Nov/2021:18:14:54 -0600] "GET /phpmyadmin/index.php?ajax_request=1&recent_table=1&no_debug=true&_nocache=1637280894499141217 HTTP/1.1" 200 1484
::1 - - [18/Nov/2021:18:16:48 -0600] "GET /phpmyadmin/themes/dot.gif HTTP/1.1" 304 -
::1 - - [18/Nov/2021:18:16:48 -0600] "GET /phpmyadmin/themes/dot.gif HTTP/1.1" 304 -
::1 - - [18/Nov/2021:18:16:48 -0600] "GET /phpmyadmin/themes/dot.gif HTTP/1.1" 304 -
::1 - - [18/Nov/2021:18:16:48 -0600] "GET /phpmyadmin/themes/dot.gif HTTP/1.1" 304 -
::1 - - [18/Nov/2021:18:16:48 -0600] "GET /phpmyadmin/themes/dot.gif HTTP/1.1" 304 -
::1 - - [18/Nov/2021:18:16:48 -0600] "GET /phpmyadmin/themes/dot.gif HTTP/1.1" 304 -
::1 - - [18/Nov/2021:18:16:48 -0600] "GET /phpmyadmin/themes/dot.gif HTTP/1.1" 304 -
::1 - - [18/Nov/2021:18:16:48 -0600] "GET /phpmyadmin/themes/dot.gif HTTP/1.1" 304 -
::1 - - [18/Nov/2021:18:16:48 -0600] "GET /phpmyadmin/themes/dot.gif HTTP/1.1" 304 -
::1 - - [18/Nov/2021:18:16:48 -0600] "GET /phpmyadmin/themes/dot.gif HTTP/1.1" 304 -
::1 - - [18/Nov/2021:18:16:48 -0600] "GET /phpmyadmin/themes/dot.gif HTTP/1.1" 304 -
::1 - - [18/Nov/2021:18:16:48 -0600] "GET /phpmyadmin/themes/dot.gif HTTP/1.1" 304 -
::1 - - [18/Nov/2021:18:16:48 -0600] "GET /phpmyadmin/themes/dot.gif HTTP/1.1" 304 -
::1 - - [18/Nov/2021:18:16:48 -0600] "GET /phpmyadmin/themes/dot.gif HTTP/1.1" 304 -
::1 - - [18/Nov/2021:18:16:48 -0600] "GET /phpmyadmin/themes/dot.gif HTTP/1.1" 304 -
::1 - - [18/Nov/2021:18:16:48 -0600] "GET /phpmyadmin/themes/dot.gif HTTP/1.1" 304 -
::1 - - [18/Nov/2021:18:16:48 -0600] "GET /phpmyadmin/themes/dot.gif HTTP/1.1" 304 -
::1 - - [18/Nov/2021:18:16:48 -0600] "GET /phpmyadmin/themes/dot.gif HTTP/1.1" 304 -
::1 - - [18/Nov/2021:18:16:48 -0600] "GET /phpmyadmin/themes/dot.gif HTTP/1.1" 304 -
::1 - - [18/Nov/2021:18:16:48 -0600] "GET /phpmyadmin/themes/dot.gif HTTP/1.1" 304 -
::1 - - [18/Nov/2021:18:16:48 -0600] "GET /phpmyadmin/themes/dot.gif HTTP/1.1" 304 -
::1 - - [18/Nov/2021:18:16:48 -0600] "GET /phpmyadmin/themes/dot.gif HTTP/1.1" 304 -
::1 - - [18/Nov/2021:18:16:48 -0600] "GET /phpmyadmin/themes/dot.gif HTTP/1.1" 304 -
::1 - - [18/Nov/2021:18:16:48 -0600] "GET /phpmyadmin/themes/dot.gif HTTP/1.1" 304 -
::1 - - [18/Nov/2021:18:16:48 -0600] "GET /phpmyadmin/themes/dot.gif HTTP/1.1" 304 -
::1 - - [18/Nov/2021:18:16:48 -0600] "GET /phpmyadmin/themes/dot.gif HTTP/1.1" 304 -
::1 - - [18/Nov/2021:18:16:48 -0600] "GET /phpmyadmin/themes/dot.gif HTTP/1.1" 304 -
::1 - - [18/Nov/2021:18:16:48 -0600] "GET /phpmyadmin/themes/dot.gif HTTP/1.1" 304 -
::1 - - [18/Nov/2021:18:16:48 -0600] "GET /phpmyadmin/themes/dot.gif HTTP/1.1" 304 -
::1 - - [18/Nov/2021:18:16:48 -0600] "GET /phpmyadmin/themes/dot.gif HTTP/1.1" 304 -
::1 - - [18/Nov/2021:18:16:48 -0600] "GET /phpmyadmin/themes/dot.gif HTTP/1.1" 304 -
::1 - - [18/Nov/2021:18:16:48 -0600] "GET /phpmyadmin/themes/dot.gif HTTP/1.1" 304 -
::1 - - [18/Nov/2021:18:16:48 -0600] "GET /phpmyadmin/themes/dot.gif HTTP/1.1" 304 -
::1 - - [18/Nov/2021:18:16:48 -0600] "GET /phpmyadmin/themes/dot.gif HTTP/1.1" 304 -
::1 - - [18/Nov/2021:18:16:48 -0600] "GET /phpmyadmin/themes/dot.gif HTTP/1.1" 304 -
::1 - - [18/Nov/2021:18:16:48 -0600] "GET /phpmyadmin/themes/dot.gif HTTP/1.1" 304 -
::1 - - [18/Nov/2021:18:16:48 -0600] "GET /phpmyadmin/themes/dot.gif HTTP/1.1" 304 -
::1 - - [18/Nov/2021:18:16:48 -0600] "GET /phpmyadmin/themes/dot.gif HTTP/1.1" 304 -
::1 - - [18/Nov/2021:18:16:48 -0600] "GET /phpmyadmin/themes/dot.gif HTTP/1.1" 304 -
::1 - - [18/Nov/2021:18:16:48 -0600] "GET /phpmyadmin/themes/dot.gif HTTP/1.1" 304 -
::1 - - [18/Nov/2021:18:16:48 -0600] "GET /phpmyadmin/themes/dot.gif HTTP/1.1" 304 -
::1 - - [18/Nov/2021:18:16:48 -0600] "GET /phpmyadmin/themes/dot.gif HTTP/1.1" 304 -
::1 - - [18/Nov/2021:18:16:48 -0600] "GET /phpmyadmin/themes/dot.gif HTTP/1.1" 304 -
::1 - - [18/Nov/2021:18:16:48 -0600] "GET /phpmyadmin/themes/dot.gif HTTP/1.1" 304 -
::1 - - [18/Nov/2021:18:16:48 -0600] "GET /phpmyadmin/themes/dot.gif HTTP/1.1" 304 -
::1 - - [18/Nov/2021:18:16:48 -0600] "GET /phpmyadmin/themes/dot.gif HTTP/1.1" 304 -
::1 - - [18/Nov/2021:18:16:48 -0600] "GET /phpmyadmin/themes/dot.gif HTTP/1.1" 304 -
::1 - - [18/Nov/2021:18:16:48 -0600] "GET /phpmyadmin/themes/dot.gif HTTP/1.1" 304 -
::1 - - [18/Nov/2021:18:16:48 -0600] "GET /phpmyadmin/themes/dot.gif HTTP/1.1" 304 -
::1 - - [18/Nov/2021:18:16:48 -0600] "GET /phpmyadmin/themes/dot.gif HTTP/1.1" 304 -
::1 - - [18/Nov/2021:18:16:48 -0600] "GET /phpmyadmin/themes/dot.gif HTTP/1.1" 304 -
::1 - - [18/Nov/2021:18:16:48 -0600] "GET /phpmyadmin/themes/dot.gif HTTP/1.1" 304 -
::1 - - [18/Nov/2021:18:16:48 -0600] "GET /phpmyadmin/themes/dot.gif HTTP/1.1" 304 -
::1 - - [18/Nov/2021:18:16:48 -0600] "GET /phpmyadmin/themes/dot.gif HTTP/1.1" 304 -
::1 - - [18/Nov/2021:18:16:48 -0600] "GET /phpmyadmin/themes/dot.gif HTTP/1.1" 304 -
::1 - - [18/Nov/2021:18:16:48 -0600] "GET /phpmyadmin/themes/dot.gif HTTP/1.1" 304 -
::1 - - [18/Nov/2021:18:16:48 -0600] "GET /phpmyadmin/tbl_structure.php?db=recipes1&table=recipes HTTP/1.1" 200 12856
::1 - - [18/Nov/2021:18:16:48 -0600] "GET /phpmyadmin/js/get_scripts.js.php?scripts%5B%5D=navigation.js&scripts%5B%5D=indexes.js&scripts%5B%5D=common.js&scripts%5B%5D=page_settings.js&scripts%5B%5D=shortcuts_handler.js&scripts%5B%5D=tbl_structure.js&scripts%5B%5D=codemirror/lib/codemirror.js&scripts%5B%5D=codemirror/mode/sql/sql.js&scripts%5B%5D=codemirror/addon/runmode/runmode.js&scripts%5B%5D=codemirror/addon/hint/show-hint.js&v=4.7.5 HTTP/1.1" 200 139001
::1 - - [18/Nov/2021:18:16:49 -0600] "POST /phpmyadmin/navigation.php?ajax_request=1 HTTP/1.1" 200 2381
::1 - - [18/Nov/2021:18:16:49 -0600] "GET /phpmyadmin/index.php?ajax_request=1&recent_table=1&no_debug=true&_nocache=1637281009553529773 HTTP/1.1" 200 1484
::1 - - [18/Nov/2021:18:16:49 -0600] "GET /phpmyadmin/favicon.ico HTTP/1.1" 200 22486
::1 - - [18/Nov/2021:18:16:52 -0600] "GET /phpmyadmin/sql.php?db=recipes1&table=recipes&pos=0&ajax_request=true&ajax_page_request=true&_nocache=1637281012556910931 HTTP/1.1" 200 4901
::1 - - [18/Nov/2021:18:16:53 -0600] "GET /phpmyadmin/js/get_scripts.js.php?scripts%5B%5D=jquery/jquery.uitablefilter.js&scripts%5B%5D=tbl_change.js&scripts%5B%5D=gis_data_editor.js&scripts%5B%5D=multi_column_sort.js&call_done=1&v=4.7.5&call_done=1&v=4.7.5 HTTP/1.1" 200 12433
::1 - - [18/Nov/2021:18:16:53 -0600] "GET /phpmyadmin/index.php?ajax_request=1&recent_table=1&no_debug=true&_nocache=1637281013134465575 HTTP/1.1" 200 1484
::1 - - [18/Nov/2021:19:27:17 -0600] "POST /phpmyadmin/index.php HTTP/1.1" 200 73
::1 - - [18/Nov/2021:19:27:18 -0600] "GET /phpmyadmin/sql.php?db=recipes1&table=recipes&pos=0 HTTP/1.1" 200 3449
::1 - - [18/Nov/2021:19:27:23 -0600] "GET /phpmyadmin/phpmyadmin.css.php?nocache=4904820919ltr&server=1 HTTP/1.1" 200 20347
::1 - - [18/Nov/2021:19:27:23 -0600] "GET /phpmyadmin/js/get_scripts.js.php?scripts%5B%5D=jquery/jquery.min.js&scripts%5B%5D=jquery/jquery-migrate-3.0.0.js&scripts%5B%5D=sprintf.js&scripts%5B%5D=ajax.js&scripts%5B%5D=keyhandler.js&scripts%5B%5D=jquery/jquery-ui.min.js&scripts%5B%5D=jquery/jquery.cookie.js&scripts%5B%5D=jquery/jquery.mousewheel.js&scripts%5B%5D=jquery/jquery.event.drag-2.2.js&scripts%5B%5D=jquery/jquery-ui-timepicker-addon.js&v=4.7.5 HTTP/1.1" 200 139207
::1 - - [18/Nov/2021:19:27:23 -0600] "GET /phpmyadmin/js/get_scripts.js.php?scripts%5B%5D=jquery/jquery.ba-hashchange-1.3.js&scripts%5B%5D=jquery/jquery.debounce-1.0.5.js&scripts%5B%5D=menu-resizer.js&scripts%5B%5D=cross_framing_protection.js&scripts%5B%5D=rte.js&scripts%5B%5D=tracekit/tracekit.js&scripts%5B%5D=error_report.js&scripts%5B%5D=config.js&scripts%5B%5D=doclinks.js&scripts%5B%5D=functions.js&v=4.7.5 HTTP/1.1" 200 77616
::1 - - [18/Nov/2021:19:27:23 -0600] "GET /phpmyadmin/js/get_scripts.js.php?scripts%5B%5D=navigation.js&scripts%5B%5D=indexes.js&scripts%5B%5D=common.js&scripts%5B%5D=page_settings.js&scripts%5B%5D=shortcuts_handler.js&scripts%5B%5D=codemirror/lib/codemirror.js&scripts%5B%5D=codemirror/mode/sql/sql.js&scripts%5B%5D=codemirror/addon/runmode/runmode.js&scripts%5B%5D=codemirror/addon/hint/show-hint.js&scripts%5B%5D=codemirror/addon/hint/sql-hint.js&v=4.7.5 HTTP/1.1" 200 136358
::1 - - [18/Nov/2021:19:27:23 -0600] "GET /phpmyadmin/js/get_scripts.js.php?scripts%5B%5D=codemirror/addon/lint/lint.js&scripts%5B%5D=codemirror/addon/lint/sql-lint.js&scripts%5B%5D=console.js&v=4.7.5 HTTP/1.1" 200 13260
::1 - - [18/Nov/2021:19:27:23 -0600] "GET /phpmyadmin/js/whitelist.php?v=4.7.5 HTTP/1.1" 200 475
::1 - - [18/Nov/2021:19:27:23 -0600] "GET /phpmyadmin/js/get_image.js.php?theme=pmahomme&v=4.7.5 HTTP/1.1" 200 1852
::1 - - [18/Nov/2021:19:27:23 -0600] "GET /phpmyadmin/js/messages.php?l=es&v=4.7.5 HTTP/1.1" 200 9809
::1 - - [18/Nov/2021:19:27:24 -0600] "GET /phpmyadmin/favicon.ico HTTP/1.1" 200 22486
::1 - - [18/Nov/2021:19:27:37 -0600] "GET /phpmyadmin/themes/dot.gif HTTP/1.1" 304 -
::1 - - [18/Nov/2021:19:27:37 -0600] "GET /phpmyadmin/themes/dot.gif HTTP/1.1" 304 -
::1 - - [18/Nov/2021:19:27:37 -0600] "GET /phpmyadmin/themes/dot.gif HTTP/1.1" 304 -
::1 - - [18/Nov/2021:19:27:37 -0600] "GET /phpmyadmin/themes/dot.gif HTTP/1.1" 304 -
::1 - - [18/Nov/2021:19:27:37 -0600] "GET /phpmyadmin/themes/dot.gif HTTP/1.1" 304 -
::1 - - [18/Nov/2021:19:27:37 -0600] "GET /phpmyadmin/themes/dot.gif HTTP/1.1" 304 -
